python : Using existing test database for alias 'default'...
At line:1 char:1
+ python manage.py test accounts.tests --keepdb 2>&1 | Out-File -Encodi ...
+ ~~~~~~~~~~~~~~~~~~~~~~~~~~~~~~~~~~~~~~~~~~~~~~~~~~
    + CategoryInfo          : NotSpecified: (Using existing ...as 'default'...:String) [], RemoteException
    + FullyQualifiedErrorId : NativeCommandError
 

EEEEEEEEE.....E........EEEEEEEEEEEEEEEEE.EE...FFF.
======================================================================
ERROR: test_add_certification_success 
(accounts.tests.test_certification_service.CertificationServiceTestCase.test_add_certification_success)
Test adding a certification successfully
----------------------------------------------------------------------
Traceback (most recent call last):
  File "C:\code\iayos\apps\backend\src\accounts\tests\test_certification_service.py", line 38, in setUp
    self.worker_profile = WorkerProfile.objects.create(profile=self.profile)
                          ~~~~~~~~~~~~~~~~~~~~~~~~~~~~^^^^^^^^^^^^^^^^^^^^^^
  File "C:\code\iayos\apps\backend\venv\Lib\site-packages\django\db\models\manager.py", line 87, in manager_method
    return getattr(self.get_queryset(), name)(*args, **kwargs)
           ~~~~~~~~~~~~~~~~~~~~~~~~~~~~~~~~~~^^^^^^^^^^^^^^^^^
  File "C:\code\iayos\apps\backend\venv\Lib\site-packages\django\db\models\query.py", line 663, in create
    obj = self.model(**kwargs)
  File "C:\code\iayos\apps\backend\venv\Lib\site-packages\django\db\models\base.py", line 569, in __init__
    raise TypeError(
    ...<2 lines>...
    )
TypeError: WorkerProfile() got unexpected keyword arguments: 'profile'

======================================================================
ERROR: test_add_certification_with_expiry 
(accounts.tests.test_certification_service.CertificationServiceTestCase.test_add_certification_with_expiry)
Test adding certification with expiry date
----------------------------------------------------------------------
Traceback (most recent call last):
  File "C:\code\iayos\apps\backend\src\accounts\tests\test_certification_service.py", line 38, in setUp
    self.worker_profile = WorkerProfile.objects.create(profile=self.profile)
                          ~~~~~~~~~~~~~~~~~~~~~~~~~~~~^^^^^^^^^^^^^^^^^^^^^^
  File "C:\code\iayos\apps\backend\venv\Lib\site-packages\django\db\models\manager.py", line 87, in manager_method
    return getattr(self.get_queryset(), name)(*args, **kwargs)
           ~~~~~~~~~~~~~~~~~~~~~~~~~~~~~~~~~~^^^^^^^^^^^^^^^^^
  File "C:\code\iayos\apps\backend\venv\Lib\site-packages\django\db\models\query.py", line 663, in create
    obj = self.model(**kwargs)
  File "C:\code\iayos\apps\backend\venv\Lib\site-packages\django\db\models\base.py", line 569, in __init__
    raise TypeError(
    ...<2 lines>...
    )
TypeError: WorkerProfile() got unexpected keyword arguments: 'profile'

======================================================================
ERROR: test_delete_certification_success 
(accounts.tests.test_certification_service.CertificationServiceTestCase.test_delete_certification_success)
Test deleting certification
----------------------------------------------------------------------
Traceback (most recent call last):
  File "C:\code\iayos\apps\backend\src\accounts\tests\test_certification_service.py", line 38, in setUp
    self.worker_profile = WorkerProfile.objects.create(profile=self.profile)
                          ~~~~~~~~~~~~~~~~~~~~~~~~~~~~^^^^^^^^^^^^^^^^^^^^^^
  File "C:\code\iayos\apps\backend\venv\Lib\site-packages\django\db\models\manager.py", line 87, in manager_method
    return getattr(self.get_queryset(), name)(*args, **kwargs)
           ~~~~~~~~~~~~~~~~~~~~~~~~~~~~~~~~~~^^^^^^^^^^^^^^^^^
  File "C:\code\iayos\apps\backend\venv\Lib\site-packages\django\db\models\query.py", line 663, in create
    obj = self.model(**kwargs)
  File "C:\code\iayos\apps\backend\venv\Lib\site-packages\django\db\models\base.py", line 569, in __init__
    raise TypeError(
    ...<2 lines>...
    )
TypeError: WorkerProfile() got unexpected keyword arguments: 'profile'

======================================================================
ERROR: test_get_certifications_ordered_by_date 
(accounts.tests.test_certification_service.CertificationServiceTestCase.test_get_certifications_ordered_by_date)
Test that certifications are ordered by issue date
----------------------------------------------------------------------
Traceback (most recent call last):
  File "C:\code\iayos\apps\backend\src\accounts\tests\test_certification_service.py", line 38, in setUp
    self.worker_profile = WorkerProfile.objects.create(profile=self.profile)
                          ~~~~~~~~~~~~~~~~~~~~~~~~~~~~^^^^^^^^^^^^^^^^^^^^^^
  File "C:\code\iayos\apps\backend\venv\Lib\site-packages\django\db\models\manager.py", line 87, in manager_method
    return getattr(self.get_queryset(), name)(*args, **kwargs)
           ~~~~~~~~~~~~~~~~~~~~~~~~~~~~~~~~~~^^^^^^^^^^^^^^^^^
  File "C:\code\iayos\apps\backend\venv\Lib\site-packages\django\db\models\query.py", line 663, in create
    obj = self.model(**kwargs)
  File "C:\code\iayos\apps\backend\venv\Lib\site-packages\django\db\models\base.py", line 569, in __init__
    raise TypeError(
    ...<2 lines>...
    )
TypeError: WorkerProfile() got unexpected keyword arguments: 'profile'

======================================================================
ERROR: test_get_expiring_certifications_30_days 
(accounts.tests.test_certification_service.CertificationServiceTestCase.test_get_expiring_certifications_30_days)
Test getting certifications expiring within 30 days
----------------------------------------------------------------------
Traceback (most recent call last):
  File "C:\code\iayos\apps\backend\src\accounts\tests\test_certification_service.py", line 38, in setUp
    self.worker_profile = WorkerProfile.objects.create(profile=self.profile)
                          ~~~~~~~~~~~~~~~~~~~~~~~~~~~~^^^^^^^^^^^^^^^^^^^^^^
  File "C:\code\iayos\apps\backend\venv\Lib\site-packages\django\db\models\manager.py", line 87, in manager_method
    return getattr(self.get_queryset(), name)(*args, **kwargs)
           ~~~~~~~~~~~~~~~~~~~~~~~~~~~~~~~~~~^^^^^^^^^^^^^^^^^
  File "C:\code\iayos\apps\backend\venv\Lib\site-packages\django\db\models\query.py", line 663, in create
    obj = self.model(**kwargs)
  File "C:\code\iayos\apps\backend\venv\Lib\site-packages\django\db\models\base.py", line 569, in __init__
    raise TypeError(
    ...<2 lines>...
    )
TypeError: WorkerProfile() got unexpected keyword arguments: 'profile'

======================================================================
ERROR: test_update_certification_not_owner 
(accounts.tests.test_certification_service.CertificationServiceTestCase.test_update_certification_not_owner)
Test that user cannot update another user's certification
----------------------------------------------------------------------
Traceback (most recent call last):
  File "C:\code\iayos\apps\backend\src\accounts\tests\test_certification_service.py", line 38, in setUp
    self.worker_profile = WorkerProfile.objects.create(profile=self.profile)
                          ~~~~~~~~~~~~~~~~~~~~~~~~~~~~^^^^^^^^^^^^^^^^^^^^^^
  File "C:\code\iayos\apps\backend\venv\Lib\site-packages\django\db\models\manager.py", line 87, in manager_method
    return getattr(self.get_queryset(), name)(*args, **kwargs)
           ~~~~~~~~~~~~~~~~~~~~~~~~~~~~~~~~~~^^^^^^^^^^^^^^^^^
  File "C:\code\iayos\apps\backend\venv\Lib\site-packages\django\db\models\query.py", line 663, in create
    obj = self.model(**kwargs)
  File "C:\code\iayos\apps\backend\venv\Lib\site-packages\django\db\models\base.py", line 569, in __init__
    raise TypeError(
    ...<2 lines>...
    )
TypeError: WorkerProfile() got unexpected keyword arguments: 'profile'

======================================================================
ERROR: test_update_certification_success 
(accounts.tests.test_certification_service.CertificationServiceTestCase.test_update_certification_success)
Test updating certification details
----------------------------------------------------------------------
Traceback (most recent call last):
  File "C:\code\iayos\apps\backend\src\accounts\tests\test_certification_service.py", line 38, in setUp
    self.worker_profile = WorkerProfile.objects.create(profile=self.profile)
                          ~~~~~~~~~~~~~~~~~~~~~~~~~~~~^^^^^^^^^^^^^^^^^^^^^^
  File "C:\code\iayos\apps\backend\venv\Lib\site-packages\django\db\models\manager.py", line 87, in manager_method
    return getattr(self.get_queryset(), name)(*args, **kwargs)
           ~~~~~~~~~~~~~~~~~~~~~~~~~~~~~~~~~~^^^^^^^^^^^^^^^^^
  File "C:\code\iayos\apps\backend\venv\Lib\site-packages\django\db\models\query.py", line 663, in create
    obj = self.model(**kwargs)
  File "C:\code\iayos\apps\backend\venv\Lib\site-packages\django\db\models\base.py", line 569, in __init__
    raise TypeError(
    ...<2 lines>...
    )
TypeError: WorkerProfile() got unexpected keyword arguments: 'profile'

======================================================================
ERROR: test_verify_certification_admin 
(accounts.tests.test_certification_service.CertificationServiceTestCase.test_verify_certification_admin)
Test admin can verify certifications
----------------------------------------------------------------------
Traceback (most recent call last):
  File "C:\code\iayos\apps\backend\src\accounts\tests\test_certification_service.py", line 38, in setUp
    self.worker_profile = WorkerProfile.objects.create(profile=self.profile)
                          ~~~~~~~~~~~~~~~~~~~~~~~~~~~~^^^^^^^^^^^^^^^^^^^^^^
  File "C:\code\iayos\apps\backend\venv\Lib\site-packages\django\db\models\manager.py", line 87, in manager_method
    return getattr(self.get_queryset(), name)(*args, **kwargs)
           ~~~~~~~~~~~~~~~~~~~~~~~~~~~~~~~~~~^^^^^^^^^^^^^^^^^
  File "C:\code\iayos\apps\backend\venv\Lib\site-packages\django\db\models\query.py", line 663, in create
    obj = self.model(**kwargs)
  File "C:\code\iayos\apps\backend\venv\Lib\site-packages\django\db\models\base.py", line 569, in __init__
    raise TypeError(
    ...<2 lines>...
    )
TypeError: WorkerProfile() got unexpected keyword arguments: 'profile'

======================================================================
ERROR: test_verify_certification_non_admin 
(accounts.tests.test_certification_service.CertificationServiceTestCase.test_verify_certification_non_admin)
Test non-admin cannot verify certifications
----------------------------------------------------------------------
Traceback (most recent call last):
  File "C:\code\iayos\apps\backend\src\accounts\tests\test_certification_service.py", line 38, in setUp
    self.worker_profile = WorkerProfile.objects.create(profile=self.profile)
                          ~~~~~~~~~~~~~~~~~~~~~~~~~~~~^^^^^^^^^^^^^^^^^^^^^^
  File "C:\code\iayos\apps\backend\venv\Lib\site-packages\django\db\models\manager.py", line 87, in manager_method
    return getattr(self.get_queryset(), name)(*args, **kwargs)
           ~~~~~~~~~~~~~~~~~~~~~~~~~~~~~~~~~~^^^^^^^^^^^^^^^^^
  File "C:\code\iayos\apps\backend\venv\Lib\site-packages\django\db\models\query.py", line 663, in create
    obj = self.model(**kwargs)
  File "C:\code\iayos\apps\backend\venv\Lib\site-packages\django\db\models\base.py", line 569, in __init__
    raise TypeError(
    ...<2 lines>...
    )
TypeError: WorkerProfile() got unexpected keyword arguments: 'profile'

======================================================================
ERROR: test_reorder_portfolio_valid_order 
(accounts.tests.test_portfolio_service.PortfolioServiceTestCase.test_reorder_portfolio_valid_order)
Test reordering portfolio items
----------------------------------------------------------------------
Traceback (most recent call last):
  File "C:\code\iayos\apps\backend\src\accounts\tests\test_portfolio_service.py", line 180, in 
test_reorder_portfolio_valid_order
    self.assertEqual(result[2]["display_order"], 2)
                     ~~~~~~^^^
KeyError: 2

======================================================================
ERROR: test_add_certification_missing_required_field 
(accounts.tests.test_worker_api.WorkerAPIIntegrationTestCase.test_add_certification_missing_required_field)
Test adding certification with missing required field
----------------------------------------------------------------------
Traceback (most recent call last):
  File "C:\code\iayos\apps\backend\venv\Lib\site-packages\django\db\backends\utils.py", line 105, in _execute
    return self.cursor.execute(sql, params)
           ~~~~~~~~~~~~~~~~~~~^^^^^^^^^^^^^
psycopg2.errors.NotNullViolation: null value in column "birthDate" of relation "accounts_profile" violates not-null 
constraint
DETAIL:  Failing row contains (248, null, Test, Worker, , null, WORKER, 248, null, null, f, null, null).


The above exception was the direct cause of the following exception:

Traceback (most recent call last):
  File "C:\code\iayos\apps\backend\src\accounts\tests\test_worker_api.py", line 26, in setUp
    self.worker_profile = Profile.objects.create(
                          ~~~~~~~~~~~~~~~~~~~~~~^
        accountFK=self.worker_user,
        ^^^^^^^^^^^^^^^^^^^^^^^^^^^
    ...<2 lines>...
        profileType="WORKER"
        ^^^^^^^^^^^^^^^^^^^^
    )
    ^
  File "C:\code\iayos\apps\backend\venv\Lib\site-packages\django\db\models\manager.py", line 87, in manager_method
    return getattr(self.get_queryset(), name)(*args, **kwargs)
           ~~~~~~~~~~~~~~~~~~~~~~~~~~~~~~~~~~^^^^^^^^^^^^^^^^^
  File "C:\code\iayos\apps\backend\venv\Lib\site-packages\django\db\models\query.py", line 665, in create
    obj.save(force_insert=True, using=self.db)
    ~~~~~~~~^^^^^^^^^^^^^^^^^^^^^^^^^^^^^^^^^^
  File "C:\code\iayos\apps\backend\venv\Lib\site-packages\django\db\models\base.py", line 902, in save
    self.save_base(
    ~~~~~~~~~~~~~~^
        using=using,
        ^^^^^^^^^^^^
    ...<2 lines>...
        update_fields=update_fields,
        ^^^^^^^^^^^^^^^^^^^^^^^^^^^^
    )
    ^
  File "C:\code\iayos\apps\backend\venv\Lib\site-packages\django\db\models\base.py", line 1008, in save_base
    updated = self._save_table(
        raw,
    ...<4 lines>...
        update_fields,
    )
  File "C:\code\iayos\apps\backend\venv\Lib\site-packages\django\db\models\base.py", line 1169, in _save_table
    results = self._do_insert(
        cls._base_manager, using, fields, returning_fields, raw
    )
  File "C:\code\iayos\apps\backend\venv\Lib\site-packages\django\db\models\base.py", line 1210, in _do_insert
    return manager._insert(
           ~~~~~~~~~~~~~~~^
        [self],
        ^^^^^^^
    ...<3 lines>...
        raw=raw,
        ^^^^^^^^
    )
    ^
  File "C:\code\iayos\apps\backend\venv\Lib\site-packages\django\db\models\manager.py", line 87, in manager_method
    return getattr(self.get_queryset(), name)(*args, **kwargs)
           ~~~~~~~~~~~~~~~~~~~~~~~~~~~~~~~~~~^^^^^^^^^^^^^^^^^
  File "C:\code\iayos\apps\backend\venv\Lib\site-packages\django\db\models\query.py", line 1873, in _insert
    return query.get_compiler(using=using).execute_sql(returning_fields)
           ~~~~~~~~~~~~~~~~~~~~~~~~~~~~~~~~~~~~~~~~~~~^^^^^^^^^^^^^^^^^^
  File "C:\code\iayos\apps\backend\venv\Lib\site-packages\django\db\models\sql\compiler.py", line 1882, in execute_sql
    cursor.execute(sql, params)
    ~~~~~~~~~~~~~~^^^^^^^^^^^^^
  File "C:\code\iayos\apps\backend\venv\Lib\site-packages\django\db\backends\utils.py", line 79, in execute
    return self._execute_with_wrappers(
           ~~~~~~~~~~~~~~~~~~~~~~~~~~~^
        sql, params, many=False, executor=self._execute
        ^^^^^^^^^^^^^^^^^^^^^^^^^^^^^^^^^^^^^^^^^^^^^^^
    )
    ^
  File "C:\code\iayos\apps\backend\venv\Lib\site-packages\django\db\backends\utils.py", line 92, in 
_execute_with_wrappers
    return executor(sql, params, many, context)
  File "C:\code\iayos\apps\backend\venv\Lib\site-packages\django\db\backends\utils.py", line 100, in _execute
    with self.db.wrap_database_errors:
         ^^^^^^^^^^^^^^^^^^^^^^^^^^^^
  File "C:\code\iayos\apps\backend\venv\Lib\site-packages\django\db\utils.py", line 91, in __exit__
    raise dj_exc_value.with_traceback(traceback) from exc_value
  File "C:\code\iayos\apps\backend\venv\Lib\site-packages\django\db\backends\utils.py", line 105, in _execute
    return self.cursor.execute(sql, params)
           ~~~~~~~~~~~~~~~~~~~^^^^^^^^^^^^^
django.db.utils.IntegrityError: null value in column "birthDate" of relation "accounts_profile" violates not-null 
constraint
DETAIL:  Failing row contains (248, null, Test, Worker, , null, WORKER, 248, null, null, f, null, null).


======================================================================
ERROR: test_add_certification_with_file 
(accounts.tests.test_worker_api.WorkerAPIIntegrationTestCase.test_add_certification_with_file)
Test adding certification with file upload
----------------------------------------------------------------------
Traceback (most recent call last):
  File "C:\code\iayos\apps\backend\venv\Lib\site-packages\django\db\backends\utils.py", line 105, in _execute
    return self.cursor.execute(sql, params)
           ~~~~~~~~~~~~~~~~~~~^^^^^^^^^^^^^
psycopg2.errors.NotNullViolation: null value in column "birthDate" of relation "accounts_profile" violates not-null 
constraint
DETAIL:  Failing row contains (249, null, Test, Worker, , null, WORKER, 249, null, null, f, null, null).


The above exception was the direct cause of the following exception:

Traceback (most recent call last):
  File "C:\code\iayos\apps\backend\src\accounts\tests\test_worker_api.py", line 26, in setUp
    self.worker_profile = Profile.objects.create(
                          ~~~~~~~~~~~~~~~~~~~~~~^
        accountFK=self.worker_user,
        ^^^^^^^^^^^^^^^^^^^^^^^^^^^
    ...<2 lines>...
        profileType="WORKER"
        ^^^^^^^^^^^^^^^^^^^^
    )
    ^
  File "C:\code\iayos\apps\backend\venv\Lib\site-packages\django\db\models\manager.py", line 87, in manager_method
    return getattr(self.get_queryset(), name)(*args, **kwargs)
           ~~~~~~~~~~~~~~~~~~~~~~~~~~~~~~~~~~^^^^^^^^^^^^^^^^^
  File "C:\code\iayos\apps\backend\venv\Lib\site-packages\django\db\models\query.py", line 665, in create
    obj.save(force_insert=True, using=self.db)
    ~~~~~~~~^^^^^^^^^^^^^^^^^^^^^^^^^^^^^^^^^^
  File "C:\code\iayos\apps\backend\venv\Lib\site-packages\django\db\models\base.py", line 902, in save
    self.save_base(
    ~~~~~~~~~~~~~~^
        using=using,
        ^^^^^^^^^^^^
    ...<2 lines>...
        update_fields=update_fields,
        ^^^^^^^^^^^^^^^^^^^^^^^^^^^^
    )
    ^
  File "C:\code\iayos\apps\backend\venv\Lib\site-packages\django\db\models\base.py", line 1008, in save_base
    updated = self._save_table(
        raw,
    ...<4 lines>...
        update_fields,
    )
  File "C:\code\iayos\apps\backend\venv\Lib\site-packages\django\db\models\base.py", line 1169, in _save_table
    results = self._do_insert(
        cls._base_manager, using, fields, returning_fields, raw
    )
  File "C:\code\iayos\apps\backend\venv\Lib\site-packages\django\db\models\base.py", line 1210, in _do_insert
    return manager._insert(
           ~~~~~~~~~~~~~~~^
        [self],
        ^^^^^^^
    ...<3 lines>...
        raw=raw,
        ^^^^^^^^
    )
    ^
  File "C:\code\iayos\apps\backend\venv\Lib\site-packages\django\db\models\manager.py", line 87, in manager_method
    return getattr(self.get_queryset(), name)(*args, **kwargs)
           ~~~~~~~~~~~~~~~~~~~~~~~~~~~~~~~~~~^^^^^^^^^^^^^^^^^
  File "C:\code\iayos\apps\backend\venv\Lib\site-packages\django\db\models\query.py", line 1873, in _insert
    return query.get_compiler(using=using).execute_sql(returning_fields)
           ~~~~~~~~~~~~~~~~~~~~~~~~~~~~~~~~~~~~~~~~~~~^^^^^^^^^^^^^^^^^^
  File "C:\code\iayos\apps\backend\venv\Lib\site-packages\django\db\models\sql\compiler.py", line 1882, in execute_sql
    cursor.execute(sql, params)
    ~~~~~~~~~~~~~~^^^^^^^^^^^^^
  File "C:\code\iayos\apps\backend\venv\Lib\site-packages\django\db\backends\utils.py", line 79, in execute
    return self._execute_with_wrappers(
           ~~~~~~~~~~~~~~~~~~~~~~~~~~~^
        sql, params, many=False, executor=self._execute
        ^^^^^^^^^^^^^^^^^^^^^^^^^^^^^^^^^^^^^^^^^^^^^^^
    )
    ^
  File "C:\code\iayos\apps\backend\venv\Lib\site-packages\django\db\backends\utils.py", line 92, in 
_execute_with_wrappers
    return executor(sql, params, many, context)
  File "C:\code\iayos\apps\backend\venv\Lib\site-packages\django\db\backends\utils.py", line 100, in _execute
    with self.db.wrap_database_errors:
         ^^^^^^^^^^^^^^^^^^^^^^^^^^^^
  File "C:\code\iayos\apps\backend\venv\Lib\site-packages\django\db\utils.py", line 91, in __exit__
    raise dj_exc_value.with_traceback(traceback) from exc_value
  File "C:\code\iayos\apps\backend\venv\Lib\site-packages\django\db\backends\utils.py", line 105, in _execute
    return self.cursor.execute(sql, params)
           ~~~~~~~~~~~~~~~~~~~^^^^^^^^^^^^^
django.db.utils.IntegrityError: null value in column "birthDate" of relation "accounts_profile" violates not-null 
constraint
DETAIL:  Failing row contains (249, null, Test, Worker, , null, WORKER, 249, null, null, f, null, null).


======================================================================
ERROR: test_delete_certification_success 
(accounts.tests.test_worker_api.WorkerAPIIntegrationTestCase.test_delete_certification_success)
Test deleting certification
----------------------------------------------------------------------
Traceback (most recent call last):
  File "C:\code\iayos\apps\backend\venv\Lib\site-packages\django\db\backends\utils.py", line 105, in _execute
    return self.cursor.execute(sql, params)
           ~~~~~~~~~~~~~~~~~~~^^^^^^^^^^^^^
psycopg2.errors.NotNullViolation: null value in column "birthDate" of relation "accounts_profile" violates not-null 
constraint
DETAIL:  Failing row contains (250, null, Test, Worker, , null, WORKER, 250, null, null, f, null, null).


The above exception was the direct cause of the following exception:

Traceback (most recent call last):
  File "C:\code\iayos\apps\backend\src\accounts\tests\test_worker_api.py", line 26, in setUp
    self.worker_profile = Profile.objects.create(
                          ~~~~~~~~~~~~~~~~~~~~~~^
        accountFK=self.worker_user,
        ^^^^^^^^^^^^^^^^^^^^^^^^^^^
    ...<2 lines>...
        profileType="WORKER"
        ^^^^^^^^^^^^^^^^^^^^
    )
    ^
  File "C:\code\iayos\apps\backend\venv\Lib\site-packages\django\db\models\manager.py", line 87, in manager_method
    return getattr(self.get_queryset(), name)(*args, **kwargs)
           ~~~~~~~~~~~~~~~~~~~~~~~~~~~~~~~~~~^^^^^^^^^^^^^^^^^
  File "C:\code\iayos\apps\backend\venv\Lib\site-packages\django\db\models\query.py", line 665, in create
    obj.save(force_insert=True, using=self.db)
    ~~~~~~~~^^^^^^^^^^^^^^^^^^^^^^^^^^^^^^^^^^
  File "C:\code\iayos\apps\backend\venv\Lib\site-packages\django\db\models\base.py", line 902, in save
    self.save_base(
    ~~~~~~~~~~~~~~^
        using=using,
        ^^^^^^^^^^^^
    ...<2 lines>...
        update_fields=update_fields,
        ^^^^^^^^^^^^^^^^^^^^^^^^^^^^
    )
    ^
  File "C:\code\iayos\apps\backend\venv\Lib\site-packages\django\db\models\base.py", line 1008, in save_base
    updated = self._save_table(
        raw,
    ...<4 lines>...
        update_fields,
    )
  File "C:\code\iayos\apps\backend\venv\Lib\site-packages\django\db\models\base.py", line 1169, in _save_table
    results = self._do_insert(
        cls._base_manager, using, fields, returning_fields, raw
    )
  File "C:\code\iayos\apps\backend\venv\Lib\site-packages\django\db\models\base.py", line 1210, in _do_insert
    return manager._insert(
           ~~~~~~~~~~~~~~~^
        [self],
        ^^^^^^^
    ...<3 lines>...
        raw=raw,
        ^^^^^^^^
    )
    ^
  File "C:\code\iayos\apps\backend\venv\Lib\site-packages\django\db\models\manager.py", line 87, in manager_method
    return getattr(self.get_queryset(), name)(*args, **kwargs)
           ~~~~~~~~~~~~~~~~~~~~~~~~~~~~~~~~~~^^^^^^^^^^^^^^^^^
  File "C:\code\iayos\apps\backend\venv\Lib\site-packages\django\db\models\query.py", line 1873, in _insert
    return query.get_compiler(using=using).execute_sql(returning_fields)
           ~~~~~~~~~~~~~~~~~~~~~~~~~~~~~~~~~~~~~~~~~~~^^^^^^^^^^^^^^^^^^
  File "C:\code\iayos\apps\backend\venv\Lib\site-packages\django\db\models\sql\compiler.py", line 1882, in execute_sql
    cursor.execute(sql, params)
    ~~~~~~~~~~~~~~^^^^^^^^^^^^^
  File "C:\code\iayos\apps\backend\venv\Lib\site-packages\django\db\backends\utils.py", line 79, in execute
    return self._execute_with_wrappers(
           ~~~~~~~~~~~~~~~~~~~~~~~~~~~^
        sql, params, many=False, executor=self._execute
        ^^^^^^^^^^^^^^^^^^^^^^^^^^^^^^^^^^^^^^^^^^^^^^^
    )
    ^
  File "C:\code\iayos\apps\backend\venv\Lib\site-packages\django\db\backends\utils.py", line 92, in 
_execute_with_wrappers
    return executor(sql, params, many, context)
  File "C:\code\iayos\apps\backend\venv\Lib\site-packages\django\db\backends\utils.py", line 100, in _execute
    with self.db.wrap_database_errors:
         ^^^^^^^^^^^^^^^^^^^^^^^^^^^^
  File "C:\code\iayos\apps\backend\venv\Lib\site-packages\django\db\utils.py", line 91, in __exit__
    raise dj_exc_value.with_traceback(traceback) from exc_value
  File "C:\code\iayos\apps\backend\venv\Lib\site-packages\django\db\backends\utils.py", line 105, in _execute
    return self.cursor.execute(sql, params)
           ~~~~~~~~~~~~~~~~~~~^^^^^^^^^^^^^
django.db.utils.IntegrityError: null value in column "birthDate" of relation "accounts_profile" violates not-null 
constraint
DETAIL:  Failing row contains (250, null, Test, Worker, , null, WORKER, 250, null, null, f, null, null).


======================================================================
ERROR: test_delete_portfolio_image 
(accounts.tests.test_worker_api.WorkerAPIIntegrationTestCase.test_delete_portfolio_image)
Test deleting portfolio image
----------------------------------------------------------------------
Traceback (most recent call last):
  File "C:\code\iayos\apps\backend\venv\Lib\site-packages\django\db\backends\utils.py", line 105, in _execute
    return self.cursor.execute(sql, params)
           ~~~~~~~~~~~~~~~~~~~^^^^^^^^^^^^^
psycopg2.errors.NotNullViolation: null value in column "birthDate" of relation "accounts_profile" violates not-null 
constraint
DETAIL:  Failing row contains (251, null, Test, Worker, , null, WORKER, 251, null, null, f, null, null).


The above exception was the direct cause of the following exception:

Traceback (most recent call last):
  File "C:\code\iayos\apps\backend\src\accounts\tests\test_worker_api.py", line 26, in setUp
    self.worker_profile = Profile.objects.create(
                          ~~~~~~~~~~~~~~~~~~~~~~^
        accountFK=self.worker_user,
        ^^^^^^^^^^^^^^^^^^^^^^^^^^^
    ...<2 lines>...
        profileType="WORKER"
        ^^^^^^^^^^^^^^^^^^^^
    )
    ^
  File "C:\code\iayos\apps\backend\venv\Lib\site-packages\django\db\models\manager.py", line 87, in manager_method
    return getattr(self.get_queryset(), name)(*args, **kwargs)
           ~~~~~~~~~~~~~~~~~~~~~~~~~~~~~~~~~~^^^^^^^^^^^^^^^^^
  File "C:\code\iayos\apps\backend\venv\Lib\site-packages\django\db\models\query.py", line 665, in create
    obj.save(force_insert=True, using=self.db)
    ~~~~~~~~^^^^^^^^^^^^^^^^^^^^^^^^^^^^^^^^^^
  File "C:\code\iayos\apps\backend\venv\Lib\site-packages\django\db\models\base.py", line 902, in save
    self.save_base(
    ~~~~~~~~~~~~~~^
        using=using,
        ^^^^^^^^^^^^
    ...<2 lines>...
        update_fields=update_fields,
        ^^^^^^^^^^^^^^^^^^^^^^^^^^^^
    )
    ^
  File "C:\code\iayos\apps\backend\venv\Lib\site-packages\django\db\models\base.py", line 1008, in save_base
    updated = self._save_table(
        raw,
    ...<4 lines>...
        update_fields,
    )
  File "C:\code\iayos\apps\backend\venv\Lib\site-packages\django\db\models\base.py", line 1169, in _save_table
    results = self._do_insert(
        cls._base_manager, using, fields, returning_fields, raw
    )
  File "C:\code\iayos\apps\backend\venv\Lib\site-packages\django\db\models\base.py", line 1210, in _do_insert
    return manager._insert(
           ~~~~~~~~~~~~~~~^
        [self],
        ^^^^^^^
    ...<3 lines>...
        raw=raw,
        ^^^^^^^^
    )
    ^
  File "C:\code\iayos\apps\backend\venv\Lib\site-packages\django\db\models\manager.py", line 87, in manager_method
    return getattr(self.get_queryset(), name)(*args, **kwargs)
           ~~~~~~~~~~~~~~~~~~~~~~~~~~~~~~~~~~^^^^^^^^^^^^^^^^^
  File "C:\code\iayos\apps\backend\venv\Lib\site-packages\django\db\models\query.py", line 1873, in _insert
    return query.get_compiler(using=using).execute_sql(returning_fields)
           ~~~~~~~~~~~~~~~~~~~~~~~~~~~~~~~~~~~~~~~~~~~^^^^^^^^^^^^^^^^^^
  File "C:\code\iayos\apps\backend\venv\Lib\site-packages\django\db\models\sql\compiler.py", line 1882, in execute_sql
    cursor.execute(sql, params)
    ~~~~~~~~~~~~~~^^^^^^^^^^^^^
  File "C:\code\iayos\apps\backend\venv\Lib\site-packages\django\db\backends\utils.py", line 79, in execute
    return self._execute_with_wrappers(
           ~~~~~~~~~~~~~~~~~~~~~~~~~~~^
        sql, params, many=False, executor=self._execute
        ^^^^^^^^^^^^^^^^^^^^^^^^^^^^^^^^^^^^^^^^^^^^^^^
    )
    ^
  File "C:\code\iayos\apps\backend\venv\Lib\site-packages\django\db\backends\utils.py", line 92, in 
_execute_with_wrappers
    return executor(sql, params, many, context)
  File "C:\code\iayos\apps\backend\venv\Lib\site-packages\django\db\backends\utils.py", line 100, in _execute
    with self.db.wrap_database_errors:
         ^^^^^^^^^^^^^^^^^^^^^^^^^^^^
  File "C:\code\iayos\apps\backend\venv\Lib\site-packages\django\db\utils.py", line 91, in __exit__
    raise dj_exc_value.with_traceback(traceback) from exc_value
  File "C:\code\iayos\apps\backend\venv\Lib\site-packages\django\db\backends\utils.py", line 105, in _execute
    return self.cursor.execute(sql, params)
           ~~~~~~~~~~~~~~~~~~~^^^^^^^^^^^^^
django.db.utils.IntegrityError: null value in column "birthDate" of relation "accounts_profile" violates not-null 
constraint
DETAIL:  Failing row contains (251, null, Test, Worker, , null, WORKER, 251, null, null, f, null, null).


======================================================================
ERROR: test_get_certifications_list 
(accounts.tests.test_worker_api.WorkerAPIIntegrationTestCase.test_get_certifications_list)
Test listing certifications
----------------------------------------------------------------------
Traceback (most recent call last):
  File "C:\code\iayos\apps\backend\venv\Lib\site-packages\django\db\backends\utils.py", line 105, in _execute
    return self.cursor.execute(sql, params)
           ~~~~~~~~~~~~~~~~~~~^^^^^^^^^^^^^
psycopg2.errors.NotNullViolation: null value in column "birthDate" of relation "accounts_profile" violates not-null 
constraint
DETAIL:  Failing row contains (252, null, Test, Worker, , null, WORKER, 252, null, null, f, null, null).


The above exception was the direct cause of the following exception:

Traceback (most recent call last):
  File "C:\code\iayos\apps\backend\src\accounts\tests\test_worker_api.py", line 26, in setUp
    self.worker_profile = Profile.objects.create(
                          ~~~~~~~~~~~~~~~~~~~~~~^
        accountFK=self.worker_user,
        ^^^^^^^^^^^^^^^^^^^^^^^^^^^
    ...<2 lines>...
        profileType="WORKER"
        ^^^^^^^^^^^^^^^^^^^^
    )
    ^
  File "C:\code\iayos\apps\backend\venv\Lib\site-packages\django\db\models\manager.py", line 87, in manager_method
    return getattr(self.get_queryset(), name)(*args, **kwargs)
           ~~~~~~~~~~~~~~~~~~~~~~~~~~~~~~~~~~^^^^^^^^^^^^^^^^^
  File "C:\code\iayos\apps\backend\venv\Lib\site-packages\django\db\models\query.py", line 665, in create
    obj.save(force_insert=True, using=self.db)
    ~~~~~~~~^^^^^^^^^^^^^^^^^^^^^^^^^^^^^^^^^^
  File "C:\code\iayos\apps\backend\venv\Lib\site-packages\django\db\models\base.py", line 902, in save
    self.save_base(
    ~~~~~~~~~~~~~~^
        using=using,
        ^^^^^^^^^^^^
    ...<2 lines>...
        update_fields=update_fields,
        ^^^^^^^^^^^^^^^^^^^^^^^^^^^^
    )
    ^
  File "C:\code\iayos\apps\backend\venv\Lib\site-packages\django\db\models\base.py", line 1008, in save_base
    updated = self._save_table(
        raw,
    ...<4 lines>...
        update_fields,
    )
  File "C:\code\iayos\apps\backend\venv\Lib\site-packages\django\db\models\base.py", line 1169, in _save_table
    results = self._do_insert(
        cls._base_manager, using, fields, returning_fields, raw
    )
  File "C:\code\iayos\apps\backend\venv\Lib\site-packages\django\db\models\base.py", line 1210, in _do_insert
    return manager._insert(
           ~~~~~~~~~~~~~~~^
        [self],
        ^^^^^^^
    ...<3 lines>...
        raw=raw,
        ^^^^^^^^
    )
    ^
  File "C:\code\iayos\apps\backend\venv\Lib\site-packages\django\db\models\manager.py", line 87, in manager_method
    return getattr(self.get_queryset(), name)(*args, **kwargs)
           ~~~~~~~~~~~~~~~~~~~~~~~~~~~~~~~~~~^^^^^^^^^^^^^^^^^
  File "C:\code\iayos\apps\backend\venv\Lib\site-packages\django\db\models\query.py", line 1873, in _insert
    return query.get_compiler(using=using).execute_sql(returning_fields)
           ~~~~~~~~~~~~~~~~~~~~~~~~~~~~~~~~~~~~~~~~~~~^^^^^^^^^^^^^^^^^^
  File "C:\code\iayos\apps\backend\venv\Lib\site-packages\django\db\models\sql\compiler.py", line 1882, in execute_sql
    cursor.execute(sql, params)
    ~~~~~~~~~~~~~~^^^^^^^^^^^^^
  File "C:\code\iayos\apps\backend\venv\Lib\site-packages\django\db\backends\utils.py", line 79, in execute
    return self._execute_with_wrappers(
           ~~~~~~~~~~~~~~~~~~~~~~~~~~~^
        sql, params, many=False, executor=self._execute
        ^^^^^^^^^^^^^^^^^^^^^^^^^^^^^^^^^^^^^^^^^^^^^^^
    )
    ^
  File "C:\code\iayos\apps\backend\venv\Lib\site-packages\django\db\backends\utils.py", line 92, in 
_execute_with_wrappers
    return executor(sql, params, many, context)
  File "C:\code\iayos\apps\backend\venv\Lib\site-packages\django\db\backends\utils.py", line 100, in _execute
    with self.db.wrap_database_errors:
         ^^^^^^^^^^^^^^^^^^^^^^^^^^^^
  File "C:\code\iayos\apps\backend\venv\Lib\site-packages\django\db\utils.py", line 91, in __exit__
    raise dj_exc_value.with_traceback(traceback) from exc_value
  File "C:\code\iayos\apps\backend\venv\Lib\site-packages\django\db\backends\utils.py", line 105, in _execute
    return self.cursor.execute(sql, params)
           ~~~~~~~~~~~~~~~~~~~^^^^^^^^^^^^^
django.db.utils.IntegrityError: null value in column "birthDate" of relation "accounts_profile" violates not-null 
constraint
DETAIL:  Failing row contains (252, null, Test, Worker, , null, WORKER, 252, null, null, f, null, null).


======================================================================
ERROR: test_get_portfolio_list (accounts.tests.test_worker_api.WorkerAPIIntegrationTestCase.test_get_portfolio_list)
Test listing portfolio items
----------------------------------------------------------------------
Traceback (most recent call last):
  File "C:\code\iayos\apps\backend\venv\Lib\site-packages\django\db\backends\utils.py", line 105, in _execute
    return self.cursor.execute(sql, params)
           ~~~~~~~~~~~~~~~~~~~^^^^^^^^^^^^^
psycopg2.errors.NotNullViolation: null value in column "birthDate" of relation "accounts_profile" violates not-null 
constraint
DETAIL:  Failing row contains (253, null, Test, Worker, , null, WORKER, 253, null, null, f, null, null).


The above exception was the direct cause of the following exception:

Traceback (most recent call last):
  File "C:\code\iayos\apps\backend\src\accounts\tests\test_worker_api.py", line 26, in setUp
    self.worker_profile = Profile.objects.create(
                          ~~~~~~~~~~~~~~~~~~~~~~^
        accountFK=self.worker_user,
        ^^^^^^^^^^^^^^^^^^^^^^^^^^^
    ...<2 lines>...
        profileType="WORKER"
        ^^^^^^^^^^^^^^^^^^^^
    )
    ^
  File "C:\code\iayos\apps\backend\venv\Lib\site-packages\django\db\models\manager.py", line 87, in manager_method
    return getattr(self.get_queryset(), name)(*args, **kwargs)
           ~~~~~~~~~~~~~~~~~~~~~~~~~~~~~~~~~~^^^^^^^^^^^^^^^^^
  File "C:\code\iayos\apps\backend\venv\Lib\site-packages\django\db\models\query.py", line 665, in create
    obj.save(force_insert=True, using=self.db)
    ~~~~~~~~^^^^^^^^^^^^^^^^^^^^^^^^^^^^^^^^^^
  File "C:\code\iayos\apps\backend\venv\Lib\site-packages\django\db\models\base.py", line 902, in save
    self.save_base(
    ~~~~~~~~~~~~~~^
        using=using,
        ^^^^^^^^^^^^
    ...<2 lines>...
        update_fields=update_fields,
        ^^^^^^^^^^^^^^^^^^^^^^^^^^^^
    )
    ^
  File "C:\code\iayos\apps\backend\venv\Lib\site-packages\django\db\models\base.py", line 1008, in save_base
    updated = self._save_table(
        raw,
    ...<4 lines>...
        update_fields,
    )
  File "C:\code\iayos\apps\backend\venv\Lib\site-packages\django\db\models\base.py", line 1169, in _save_table
    results = self._do_insert(
        cls._base_manager, using, fields, returning_fields, raw
    )
  File "C:\code\iayos\apps\backend\venv\Lib\site-packages\django\db\models\base.py", line 1210, in _do_insert
    return manager._insert(
           ~~~~~~~~~~~~~~~^
        [self],
        ^^^^^^^
    ...<3 lines>...
        raw=raw,
        ^^^^^^^^
    )
    ^
  File "C:\code\iayos\apps\backend\venv\Lib\site-packages\django\db\models\manager.py", line 87, in manager_method
    return getattr(self.get_queryset(), name)(*args, **kwargs)
           ~~~~~~~~~~~~~~~~~~~~~~~~~~~~~~~~~~^^^^^^^^^^^^^^^^^
  File "C:\code\iayos\apps\backend\venv\Lib\site-packages\django\db\models\query.py", line 1873, in _insert
    return query.get_compiler(using=using).execute_sql(returning_fields)
           ~~~~~~~~~~~~~~~~~~~~~~~~~~~~~~~~~~~~~~~~~~~^^^^^^^^^^^^^^^^^^
  File "C:\code\iayos\apps\backend\venv\Lib\site-packages\django\db\models\sql\compiler.py", line 1882, in execute_sql
    cursor.execute(sql, params)
    ~~~~~~~~~~~~~~^^^^^^^^^^^^^
  File "C:\code\iayos\apps\backend\venv\Lib\site-packages\django\db\backends\utils.py", line 79, in execute
    return self._execute_with_wrappers(
           ~~~~~~~~~~~~~~~~~~~~~~~~~~~^
        sql, params, many=False, executor=self._execute
        ^^^^^^^^^^^^^^^^^^^^^^^^^^^^^^^^^^^^^^^^^^^^^^^
    )
    ^
  File "C:\code\iayos\apps\backend\venv\Lib\site-packages\django\db\backends\utils.py", line 92, in 
_execute_with_wrappers
    return executor(sql, params, many, context)
  File "C:\code\iayos\apps\backend\venv\Lib\site-packages\django\db\backends\utils.py", line 100, in _execute
    with self.db.wrap_database_errors:
         ^^^^^^^^^^^^^^^^^^^^^^^^^^^^
  File "C:\code\iayos\apps\backend\venv\Lib\site-packages\django\db\utils.py", line 91, in __exit__
    raise dj_exc_value.with_traceback(traceback) from exc_value
  File "C:\code\iayos\apps\backend\venv\Lib\site-packages\django\db\backends\utils.py", line 105, in _execute
    return self.cursor.execute(sql, params)
           ~~~~~~~~~~~~~~~~~~~^^^^^^^^^^^^^
django.db.utils.IntegrityError: null value in column "birthDate" of relation "accounts_profile" violates not-null 
constraint
DETAIL:  Failing row contains (253, null, Test, Worker, , null, WORKER, 253, null, null, f, null, null).


======================================================================
ERROR: test_get_profile_completion_authenticated 
(accounts.tests.test_worker_api.WorkerAPIIntegrationTestCase.test_get_profile_completion_authenticated)
Test getting profile completion when authenticated
----------------------------------------------------------------------
Traceback (most recent call last):
  File "C:\code\iayos\apps\backend\venv\Lib\site-packages\django\db\backends\utils.py", line 105, in _execute
    return self.cursor.execute(sql, params)
           ~~~~~~~~~~~~~~~~~~~^^^^^^^^^^^^^
psycopg2.errors.NotNullViolation: null value in column "birthDate" of relation "accounts_profile" violates not-null 
constraint
DETAIL:  Failing row contains (254, null, Test, Worker, , null, WORKER, 254, null, null, f, null, null).


The above exception was the direct cause of the following exception:

Traceback (most recent call last):
  File "C:\code\iayos\apps\backend\src\accounts\tests\test_worker_api.py", line 26, in setUp
    self.worker_profile = Profile.objects.create(
                          ~~~~~~~~~~~~~~~~~~~~~~^
        accountFK=self.worker_user,
        ^^^^^^^^^^^^^^^^^^^^^^^^^^^
    ...<2 lines>...
        profileType="WORKER"
        ^^^^^^^^^^^^^^^^^^^^
    )
    ^
  File "C:\code\iayos\apps\backend\venv\Lib\site-packages\django\db\models\manager.py", line 87, in manager_method
    return getattr(self.get_queryset(), name)(*args, **kwargs)
           ~~~~~~~~~~~~~~~~~~~~~~~~~~~~~~~~~~^^^^^^^^^^^^^^^^^
  File "C:\code\iayos\apps\backend\venv\Lib\site-packages\django\db\models\query.py", line 665, in create
    obj.save(force_insert=True, using=self.db)
    ~~~~~~~~^^^^^^^^^^^^^^^^^^^^^^^^^^^^^^^^^^
  File "C:\code\iayos\apps\backend\venv\Lib\site-packages\django\db\models\base.py", line 902, in save
    self.save_base(
    ~~~~~~~~~~~~~~^
        using=using,
        ^^^^^^^^^^^^
    ...<2 lines>...
        update_fields=update_fields,
        ^^^^^^^^^^^^^^^^^^^^^^^^^^^^
    )
    ^
  File "C:\code\iayos\apps\backend\venv\Lib\site-packages\django\db\models\base.py", line 1008, in save_base
    updated = self._save_table(
        raw,
    ...<4 lines>...
        update_fields,
    )
  File "C:\code\iayos\apps\backend\venv\Lib\site-packages\django\db\models\base.py", line 1169, in _save_table
    results = self._do_insert(
        cls._base_manager, using, fields, returning_fields, raw
    )
  File "C:\code\iayos\apps\backend\venv\Lib\site-packages\django\db\models\base.py", line 1210, in _do_insert
    return manager._insert(
           ~~~~~~~~~~~~~~~^
        [self],
        ^^^^^^^
    ...<3 lines>...
        raw=raw,
        ^^^^^^^^
    )
    ^
  File "C:\code\iayos\apps\backend\venv\Lib\site-packages\django\db\models\manager.py", line 87, in manager_method
    return getattr(self.get_queryset(), name)(*args, **kwargs)
           ~~~~~~~~~~~~~~~~~~~~~~~~~~~~~~~~~~^^^^^^^^^^^^^^^^^
  File "C:\code\iayos\apps\backend\venv\Lib\site-packages\django\db\models\query.py", line 1873, in _insert
    return query.get_compiler(using=using).execute_sql(returning_fields)
           ~~~~~~~~~~~~~~~~~~~~~~~~~~~~~~~~~~~~~~~~~~~^^^^^^^^^^^^^^^^^^
  File "C:\code\iayos\apps\backend\venv\Lib\site-packages\django\db\models\sql\compiler.py", line 1882, in execute_sql
    cursor.execute(sql, params)
    ~~~~~~~~~~~~~~^^^^^^^^^^^^^
  File "C:\code\iayos\apps\backend\venv\Lib\site-packages\django\db\backends\utils.py", line 79, in execute
    return self._execute_with_wrappers(
           ~~~~~~~~~~~~~~~~~~~~~~~~~~~^
        sql, params, many=False, executor=self._execute
        ^^^^^^^^^^^^^^^^^^^^^^^^^^^^^^^^^^^^^^^^^^^^^^^
    )
    ^
  File "C:\code\iayos\apps\backend\venv\Lib\site-packages\django\db\backends\utils.py", line 92, in 
_execute_with_wrappers
    return executor(sql, params, many, context)
  File "C:\code\iayos\apps\backend\venv\Lib\site-packages\django\db\backends\utils.py", line 100, in _execute
    with self.db.wrap_database_errors:
         ^^^^^^^^^^^^^^^^^^^^^^^^^^^^
  File "C:\code\iayos\apps\backend\venv\Lib\site-packages\django\db\utils.py", line 91, in __exit__
    raise dj_exc_value.with_traceback(traceback) from exc_value
  File "C:\code\iayos\apps\backend\venv\Lib\site-packages\django\db\backends\utils.py", line 105, in _execute
    return self.cursor.execute(sql, params)
           ~~~~~~~~~~~~~~~~~~~^^^^^^^^^^^^^
django.db.utils.IntegrityError: null value in column "birthDate" of relation "accounts_profile" violates not-null 
constraint
DETAIL:  Failing row contains (254, null, Test, Worker, , null, WORKER, 254, null, null, f, null, null).


======================================================================
ERROR: test_profile_completion_updates_on_changes 
(accounts.tests.test_worker_api.WorkerAPIIntegrationTestCase.test_profile_completion_updates_on_changes)
Test that profile completion percentage updates after changes
----------------------------------------------------------------------
Traceback (most recent call last):
  File "C:\code\iayos\apps\backend\venv\Lib\site-packages\django\db\backends\utils.py", line 105, in _execute
    return self.cursor.execute(sql, params)
           ~~~~~~~~~~~~~~~~~~~^^^^^^^^^^^^^
psycopg2.errors.NotNullViolation: null value in column "birthDate" of relation "accounts_profile" violates not-null 
constraint
DETAIL:  Failing row contains (255, null, Test, Worker, , null, WORKER, 255, null, null, f, null, null).


The above exception was the direct cause of the following exception:

Traceback (most recent call last):
  File "C:\code\iayos\apps\backend\src\accounts\tests\test_worker_api.py", line 26, in setUp
    self.worker_profile = Profile.objects.create(
                          ~~~~~~~~~~~~~~~~~~~~~~^
        accountFK=self.worker_user,
        ^^^^^^^^^^^^^^^^^^^^^^^^^^^
    ...<2 lines>...
        profileType="WORKER"
        ^^^^^^^^^^^^^^^^^^^^
    )
    ^
  File "C:\code\iayos\apps\backend\venv\Lib\site-packages\django\db\models\manager.py", line 87, in manager_method
    return getattr(self.get_queryset(), name)(*args, **kwargs)
           ~~~~~~~~~~~~~~~~~~~~~~~~~~~~~~~~~~^^^^^^^^^^^^^^^^^
  File "C:\code\iayos\apps\backend\venv\Lib\site-packages\django\db\models\query.py", line 665, in create
    obj.save(force_insert=True, using=self.db)
    ~~~~~~~~^^^^^^^^^^^^^^^^^^^^^^^^^^^^^^^^^^
  File "C:\code\iayos\apps\backend\venv\Lib\site-packages\django\db\models\base.py", line 902, in save
    self.save_base(
    ~~~~~~~~~~~~~~^
        using=using,
        ^^^^^^^^^^^^
    ...<2 lines>...
        update_fields=update_fields,
        ^^^^^^^^^^^^^^^^^^^^^^^^^^^^
    )
    ^
  File "C:\code\iayos\apps\backend\venv\Lib\site-packages\django\db\models\base.py", line 1008, in save_base
    updated = self._save_table(
        raw,
    ...<4 lines>...
        update_fields,
    )
  File "C:\code\iayos\apps\backend\venv\Lib\site-packages\django\db\models\base.py", line 1169, in _save_table
    results = self._do_insert(
        cls._base_manager, using, fields, returning_fields, raw
    )
  File "C:\code\iayos\apps\backend\venv\Lib\site-packages\django\db\models\base.py", line 1210, in _do_insert
    return manager._insert(
           ~~~~~~~~~~~~~~~^
        [self],
        ^^^^^^^
    ...<3 lines>...
        raw=raw,
        ^^^^^^^^
    )
    ^
  File "C:\code\iayos\apps\backend\venv\Lib\site-packages\django\db\models\manager.py", line 87, in manager_method
    return getattr(self.get_queryset(), name)(*args, **kwargs)
           ~~~~~~~~~~~~~~~~~~~~~~~~~~~~~~~~~~^^^^^^^^^^^^^^^^^
  File "C:\code\iayos\apps\backend\venv\Lib\site-packages\django\db\models\query.py", line 1873, in _insert
    return query.get_compiler(using=using).execute_sql(returning_fields)
           ~~~~~~~~~~~~~~~~~~~~~~~~~~~~~~~~~~~~~~~~~~~^^^^^^^^^^^^^^^^^^
  File "C:\code\iayos\apps\backend\venv\Lib\site-packages\django\db\models\sql\compiler.py", line 1882, in execute_sql
    cursor.execute(sql, params)
    ~~~~~~~~~~~~~~^^^^^^^^^^^^^
  File "C:\code\iayos\apps\backend\venv\Lib\site-packages\django\db\backends\utils.py", line 79, in execute
    return self._execute_with_wrappers(
           ~~~~~~~~~~~~~~~~~~~~~~~~~~~^
        sql, params, many=False, executor=self._execute
        ^^^^^^^^^^^^^^^^^^^^^^^^^^^^^^^^^^^^^^^^^^^^^^^
    )
    ^
  File "C:\code\iayos\apps\backend\venv\Lib\site-packages\django\db\backends\utils.py", line 92, in 
_execute_with_wrappers
    return executor(sql, params, many, context)
  File "C:\code\iayos\apps\backend\venv\Lib\site-packages\django\db\backends\utils.py", line 100, in _execute
    with self.db.wrap_database_errors:
         ^^^^^^^^^^^^^^^^^^^^^^^^^^^^
  File "C:\code\iayos\apps\backend\venv\Lib\site-packages\django\db\utils.py", line 91, in __exit__
    raise dj_exc_value.with_traceback(traceback) from exc_value
  File "C:\code\iayos\apps\backend\venv\Lib\site-packages\django\db\backends\utils.py", line 105, in _execute
    return self.cursor.execute(sql, params)
           ~~~~~~~~~~~~~~~~~~~^^^^^^^^^^^^^
django.db.utils.IntegrityError: null value in column "birthDate" of relation "accounts_profile" violates not-null 
constraint
DETAIL:  Failing row contains (255, null, Test, Worker, , null, WORKER, 255, null, null, f, null, null).


======================================================================
ERROR: test_reorder_portfolio_invalid_order 
(accounts.tests.test_worker_api.WorkerAPIIntegrationTestCase.test_reorder_portfolio_invalid_order)
Test reordering with invalid IDs
----------------------------------------------------------------------
Traceback (most recent call last):
  File "C:\code\iayos\apps\backend\venv\Lib\site-packages\django\db\backends\utils.py", line 105, in _execute
    return self.cursor.execute(sql, params)
           ~~~~~~~~~~~~~~~~~~~^^^^^^^^^^^^^
psycopg2.errors.NotNullViolation: null value in column "birthDate" of relation "accounts_profile" violates not-null 
constraint
DETAIL:  Failing row contains (256, null, Test, Worker, , null, WORKER, 256, null, null, f, null, null).


The above exception was the direct cause of the following exception:

Traceback (most recent call last):
  File "C:\code\iayos\apps\backend\src\accounts\tests\test_worker_api.py", line 26, in setUp
    self.worker_profile = Profile.objects.create(
                          ~~~~~~~~~~~~~~~~~~~~~~^
        accountFK=self.worker_user,
        ^^^^^^^^^^^^^^^^^^^^^^^^^^^
    ...<2 lines>...
        profileType="WORKER"
        ^^^^^^^^^^^^^^^^^^^^
    )
    ^
  File "C:\code\iayos\apps\backend\venv\Lib\site-packages\django\db\models\manager.py", line 87, in manager_method
    return getattr(self.get_queryset(), name)(*args, **kwargs)
           ~~~~~~~~~~~~~~~~~~~~~~~~~~~~~~~~~~^^^^^^^^^^^^^^^^^
  File "C:\code\iayos\apps\backend\venv\Lib\site-packages\django\db\models\query.py", line 665, in create
    obj.save(force_insert=True, using=self.db)
    ~~~~~~~~^^^^^^^^^^^^^^^^^^^^^^^^^^^^^^^^^^
  File "C:\code\iayos\apps\backend\venv\Lib\site-packages\django\db\models\base.py", line 902, in save
    self.save_base(
    ~~~~~~~~~~~~~~^
        using=using,
        ^^^^^^^^^^^^
    ...<2 lines>...
        update_fields=update_fields,
        ^^^^^^^^^^^^^^^^^^^^^^^^^^^^
    )
    ^
  File "C:\code\iayos\apps\backend\venv\Lib\site-packages\django\db\models\base.py", line 1008, in save_base
    updated = self._save_table(
        raw,
    ...<4 lines>...
        update_fields,
    )
  File "C:\code\iayos\apps\backend\venv\Lib\site-packages\django\db\models\base.py", line 1169, in _save_table
    results = self._do_insert(
        cls._base_manager, using, fields, returning_fields, raw
    )
  File "C:\code\iayos\apps\backend\venv\Lib\site-packages\django\db\models\base.py", line 1210, in _do_insert
    return manager._insert(
           ~~~~~~~~~~~~~~~^
        [self],
        ^^^^^^^
    ...<3 lines>...
        raw=raw,
        ^^^^^^^^
    )
    ^
  File "C:\code\iayos\apps\backend\venv\Lib\site-packages\django\db\models\manager.py", line 87, in manager_method
    return getattr(self.get_queryset(), name)(*args, **kwargs)
           ~~~~~~~~~~~~~~~~~~~~~~~~~~~~~~~~~~^^^^^^^^^^^^^^^^^
  File "C:\code\iayos\apps\backend\venv\Lib\site-packages\django\db\models\query.py", line 1873, in _insert
    return query.get_compiler(using=using).execute_sql(returning_fields)
           ~~~~~~~~~~~~~~~~~~~~~~~~~~~~~~~~~~~~~~~~~~~^^^^^^^^^^^^^^^^^^
  File "C:\code\iayos\apps\backend\venv\Lib\site-packages\django\db\models\sql\compiler.py", line 1882, in execute_sql
    cursor.execute(sql, params)
    ~~~~~~~~~~~~~~^^^^^^^^^^^^^
  File "C:\code\iayos\apps\backend\venv\Lib\site-packages\django\db\backends\utils.py", line 79, in execute
    return self._execute_with_wrappers(
           ~~~~~~~~~~~~~~~~~~~~~~~~~~~^
        sql, params, many=False, executor=self._execute
        ^^^^^^^^^^^^^^^^^^^^^^^^^^^^^^^^^^^^^^^^^^^^^^^
    )
    ^
  File "C:\code\iayos\apps\backend\venv\Lib\site-packages\django\db\backends\utils.py", line 92, in 
_execute_with_wrappers
    return executor(sql, params, many, context)
  File "C:\code\iayos\apps\backend\venv\Lib\site-packages\django\db\backends\utils.py", line 100, in _execute
    with self.db.wrap_database_errors:
         ^^^^^^^^^^^^^^^^^^^^^^^^^^^^
  File "C:\code\iayos\apps\backend\venv\Lib\site-packages\django\db\utils.py", line 91, in __exit__
    raise dj_exc_value.with_traceback(traceback) from exc_value
  File "C:\code\iayos\apps\backend\venv\Lib\site-packages\django\db\backends\utils.py", line 105, in _execute
    return self.cursor.execute(sql, params)
           ~~~~~~~~~~~~~~~~~~~^^^^^^^^^^^^^
django.db.utils.IntegrityError: null value in column "birthDate" of relation "accounts_profile" violates not-null 
constraint
DETAIL:  Failing row contains (256, null, Test, Worker, , null, WORKER, 256, null, null, f, null, null).


======================================================================
ERROR: test_reorder_portfolio_success 
(accounts.tests.test_worker_api.WorkerAPIIntegrationTestCase.test_reorder_portfolio_success)
Test reordering portfolio items
----------------------------------------------------------------------
Traceback (most recent call last):
  File "C:\code\iayos\apps\backend\venv\Lib\site-packages\django\db\backends\utils.py", line 105, in _execute
    return self.cursor.execute(sql, params)
           ~~~~~~~~~~~~~~~~~~~^^^^^^^^^^^^^
psycopg2.errors.NotNullViolation: null value in column "birthDate" of relation "accounts_profile" violates not-null 
constraint
DETAIL:  Failing row contains (257, null, Test, Worker, , null, WORKER, 257, null, null, f, null, null).


The above exception was the direct cause of the following exception:

Traceback (most recent call last):
  File "C:\code\iayos\apps\backend\src\accounts\tests\test_worker_api.py", line 26, in setUp
    self.worker_profile = Profile.objects.create(
                          ~~~~~~~~~~~~~~~~~~~~~~^
        accountFK=self.worker_user,
        ^^^^^^^^^^^^^^^^^^^^^^^^^^^
    ...<2 lines>...
        profileType="WORKER"
        ^^^^^^^^^^^^^^^^^^^^
    )
    ^
  File "C:\code\iayos\apps\backend\venv\Lib\site-packages\django\db\models\manager.py", line 87, in manager_method
    return getattr(self.get_queryset(), name)(*args, **kwargs)
           ~~~~~~~~~~~~~~~~~~~~~~~~~~~~~~~~~~^^^^^^^^^^^^^^^^^
  File "C:\code\iayos\apps\backend\venv\Lib\site-packages\django\db\models\query.py", line 665, in create
    obj.save(force_insert=True, using=self.db)
    ~~~~~~~~^^^^^^^^^^^^^^^^^^^^^^^^^^^^^^^^^^
  File "C:\code\iayos\apps\backend\venv\Lib\site-packages\django\db\models\base.py", line 902, in save
    self.save_base(
    ~~~~~~~~~~~~~~^
        using=using,
        ^^^^^^^^^^^^
    ...<2 lines>...
        update_fields=update_fields,
        ^^^^^^^^^^^^^^^^^^^^^^^^^^^^
    )
    ^
  File "C:\code\iayos\apps\backend\venv\Lib\site-packages\django\db\models\base.py", line 1008, in save_base
    updated = self._save_table(
        raw,
    ...<4 lines>...
        update_fields,
    )
  File "C:\code\iayos\apps\backend\venv\Lib\site-packages\django\db\models\base.py", line 1169, in _save_table
    results = self._do_insert(
        cls._base_manager, using, fields, returning_fields, raw
    )
  File "C:\code\iayos\apps\backend\venv\Lib\site-packages\django\db\models\base.py", line 1210, in _do_insert
    return manager._insert(
           ~~~~~~~~~~~~~~~^
        [self],
        ^^^^^^^
    ...<3 lines>...
        raw=raw,
        ^^^^^^^^
    )
    ^
  File "C:\code\iayos\apps\backend\venv\Lib\site-packages\django\db\models\manager.py", line 87, in manager_method
    return getattr(self.get_queryset(), name)(*args, **kwargs)
           ~~~~~~~~~~~~~~~~~~~~~~~~~~~~~~~~~~^^^^^^^^^^^^^^^^^
  File "C:\code\iayos\apps\backend\venv\Lib\site-packages\django\db\models\query.py", line 1873, in _insert
    return query.get_compiler(using=using).execute_sql(returning_fields)
           ~~~~~~~~~~~~~~~~~~~~~~~~~~~~~~~~~~~~~~~~~~~^^^^^^^^^^^^^^^^^^
  File "C:\code\iayos\apps\backend\venv\Lib\site-packages\django\db\models\sql\compiler.py", line 1882, in execute_sql
    cursor.execute(sql, params)
    ~~~~~~~~~~~~~~^^^^^^^^^^^^^
  File "C:\code\iayos\apps\backend\venv\Lib\site-packages\django\db\backends\utils.py", line 79, in execute
    return self._execute_with_wrappers(
           ~~~~~~~~~~~~~~~~~~~~~~~~~~~^
        sql, params, many=False, executor=self._execute
        ^^^^^^^^^^^^^^^^^^^^^^^^^^^^^^^^^^^^^^^^^^^^^^^
    )
    ^
  File "C:\code\iayos\apps\backend\venv\Lib\site-packages\django\db\backends\utils.py", line 92, in 
_execute_with_wrappers
    return executor(sql, params, many, context)
  File "C:\code\iayos\apps\backend\venv\Lib\site-packages\django\db\backends\utils.py", line 100, in _execute
    with self.db.wrap_database_errors:
         ^^^^^^^^^^^^^^^^^^^^^^^^^^^^
  File "C:\code\iayos\apps\backend\venv\Lib\site-packages\django\db\utils.py", line 91, in __exit__
    raise dj_exc_value.with_traceback(traceback) from exc_value
  File "C:\code\iayos\apps\backend\venv\Lib\site-packages\django\db\backends\utils.py", line 105, in _execute
    return self.cursor.execute(sql, params)
           ~~~~~~~~~~~~~~~~~~~^^^^^^^^^^^^^
django.db.utils.IntegrityError: null value in column "birthDate" of relation "accounts_profile" violates not-null 
constraint
DETAIL:  Failing row contains (257, null, Test, Worker, , null, WORKER, 257, null, null, f, null, null).


======================================================================
ERROR: test_update_certification_not_owner 
(accounts.tests.test_worker_api.WorkerAPIIntegrationTestCase.test_update_certification_not_owner)
Test that user cannot update another user's certification
----------------------------------------------------------------------
Traceback (most recent call last):
  File "C:\code\iayos\apps\backend\venv\Lib\site-packages\django\db\backends\utils.py", line 105, in _execute
    return self.cursor.execute(sql, params)
           ~~~~~~~~~~~~~~~~~~~^^^^^^^^^^^^^
psycopg2.errors.NotNullViolation: null value in column "birthDate" of relation "accounts_profile" violates not-null 
constraint
DETAIL:  Failing row contains (258, null, Test, Worker, , null, WORKER, 258, null, null, f, null, null).


The above exception was the direct cause of the following exception:

Traceback (most recent call last):
  File "C:\code\iayos\apps\backend\src\accounts\tests\test_worker_api.py", line 26, in setUp
    self.worker_profile = Profile.objects.create(
                          ~~~~~~~~~~~~~~~~~~~~~~^
        accountFK=self.worker_user,
        ^^^^^^^^^^^^^^^^^^^^^^^^^^^
    ...<2 lines>...
        profileType="WORKER"
        ^^^^^^^^^^^^^^^^^^^^
    )
    ^
  File "C:\code\iayos\apps\backend\venv\Lib\site-packages\django\db\models\manager.py", line 87, in manager_method
    return getattr(self.get_queryset(), name)(*args, **kwargs)
           ~~~~~~~~~~~~~~~~~~~~~~~~~~~~~~~~~~^^^^^^^^^^^^^^^^^
  File "C:\code\iayos\apps\backend\venv\Lib\site-packages\django\db\models\query.py", line 665, in create
    obj.save(force_insert=True, using=self.db)
    ~~~~~~~~^^^^^^^^^^^^^^^^^^^^^^^^^^^^^^^^^^
  File "C:\code\iayos\apps\backend\venv\Lib\site-packages\django\db\models\base.py", line 902, in save
    self.save_base(
    ~~~~~~~~~~~~~~^
        using=using,
        ^^^^^^^^^^^^
    ...<2 lines>...
        update_fields=update_fields,
        ^^^^^^^^^^^^^^^^^^^^^^^^^^^^
    )
    ^
  File "C:\code\iayos\apps\backend\venv\Lib\site-packages\django\db\models\base.py", line 1008, in save_base
    updated = self._save_table(
        raw,
    ...<4 lines>...
        update_fields,
    )
  File "C:\code\iayos\apps\backend\venv\Lib\site-packages\django\db\models\base.py", line 1169, in _save_table
    results = self._do_insert(
        cls._base_manager, using, fields, returning_fields, raw
    )
  File "C:\code\iayos\apps\backend\venv\Lib\site-packages\django\db\models\base.py", line 1210, in _do_insert
    return manager._insert(
           ~~~~~~~~~~~~~~~^
        [self],
        ^^^^^^^
    ...<3 lines>...
        raw=raw,
        ^^^^^^^^
    )
    ^
  File "C:\code\iayos\apps\backend\venv\Lib\site-packages\django\db\models\manager.py", line 87, in manager_method
    return getattr(self.get_queryset(), name)(*args, **kwargs)
           ~~~~~~~~~~~~~~~~~~~~~~~~~~~~~~~~~~^^^^^^^^^^^^^^^^^
  File "C:\code\iayos\apps\backend\venv\Lib\site-packages\django\db\models\query.py", line 1873, in _insert
    return query.get_compiler(using=using).execute_sql(returning_fields)
           ~~~~~~~~~~~~~~~~~~~~~~~~~~~~~~~~~~~~~~~~~~~^^^^^^^^^^^^^^^^^^
  File "C:\code\iayos\apps\backend\venv\Lib\site-packages\django\db\models\sql\compiler.py", line 1882, in execute_sql
    cursor.execute(sql, params)
    ~~~~~~~~~~~~~~^^^^^^^^^^^^^
  File "C:\code\iayos\apps\backend\venv\Lib\site-packages\django\db\backends\utils.py", line 79, in execute
    return self._execute_with_wrappers(
           ~~~~~~~~~~~~~~~~~~~~~~~~~~~^
        sql, params, many=False, executor=self._execute
        ^^^^^^^^^^^^^^^^^^^^^^^^^^^^^^^^^^^^^^^^^^^^^^^
    )
    ^
  File "C:\code\iayos\apps\backend\venv\Lib\site-packages\django\db\backends\utils.py", line 92, in 
_execute_with_wrappers
    return executor(sql, params, many, context)
  File "C:\code\iayos\apps\backend\venv\Lib\site-packages\django\db\backends\utils.py", line 100, in _execute
    with self.db.wrap_database_errors:
         ^^^^^^^^^^^^^^^^^^^^^^^^^^^^
  File "C:\code\iayos\apps\backend\venv\Lib\site-packages\django\db\utils.py", line 91, in __exit__
    raise dj_exc_value.with_traceback(traceback) from exc_value
  File "C:\code\iayos\apps\backend\venv\Lib\site-packages\django\db\backends\utils.py", line 105, in _execute
    return self.cursor.execute(sql, params)
           ~~~~~~~~~~~~~~~~~~~^^^^^^^^^^^^^
django.db.utils.IntegrityError: null value in column "birthDate" of relation "accounts_profile" violates not-null 
constraint
DETAIL:  Failing row contains (258, null, Test, Worker, , null, WORKER, 258, null, null, f, null, null).


======================================================================
ERROR: test_update_certification_success 
(accounts.tests.test_worker_api.WorkerAPIIntegrationTestCase.test_update_certification_success)
Test updating certification
----------------------------------------------------------------------
Traceback (most recent call last):
  File "C:\code\iayos\apps\backend\venv\Lib\site-packages\django\db\backends\utils.py", line 105, in _execute
    return self.cursor.execute(sql, params)
           ~~~~~~~~~~~~~~~~~~~^^^^^^^^^^^^^
psycopg2.errors.NotNullViolation: null value in column "birthDate" of relation "accounts_profile" violates not-null 
constraint
DETAIL:  Failing row contains (259, null, Test, Worker, , null, WORKER, 259, null, null, f, null, null).


The above exception was the direct cause of the following exception:

Traceback (most recent call last):
  File "C:\code\iayos\apps\backend\src\accounts\tests\test_worker_api.py", line 26, in setUp
    self.worker_profile = Profile.objects.create(
                          ~~~~~~~~~~~~~~~~~~~~~~^
        accountFK=self.worker_user,
        ^^^^^^^^^^^^^^^^^^^^^^^^^^^
    ...<2 lines>...
        profileType="WORKER"
        ^^^^^^^^^^^^^^^^^^^^
    )
    ^
  File "C:\code\iayos\apps\backend\venv\Lib\site-packages\django\db\models\manager.py", line 87, in manager_method
    return getattr(self.get_queryset(), name)(*args, **kwargs)
           ~~~~~~~~~~~~~~~~~~~~~~~~~~~~~~~~~~^^^^^^^^^^^^^^^^^
  File "C:\code\iayos\apps\backend\venv\Lib\site-packages\django\db\models\query.py", line 665, in create
    obj.save(force_insert=True, using=self.db)
    ~~~~~~~~^^^^^^^^^^^^^^^^^^^^^^^^^^^^^^^^^^
  File "C:\code\iayos\apps\backend\venv\Lib\site-packages\django\db\models\base.py", line 902, in save
    self.save_base(
    ~~~~~~~~~~~~~~^
        using=using,
        ^^^^^^^^^^^^
    ...<2 lines>...
        update_fields=update_fields,
        ^^^^^^^^^^^^^^^^^^^^^^^^^^^^
    )
    ^
  File "C:\code\iayos\apps\backend\venv\Lib\site-packages\django\db\models\base.py", line 1008, in save_base
    updated = self._save_table(
        raw,
    ...<4 lines>...
        update_fields,
    )
  File "C:\code\iayos\apps\backend\venv\Lib\site-packages\django\db\models\base.py", line 1169, in _save_table
    results = self._do_insert(
        cls._base_manager, using, fields, returning_fields, raw
    )
  File "C:\code\iayos\apps\backend\venv\Lib\site-packages\django\db\models\base.py", line 1210, in _do_insert
    return manager._insert(
           ~~~~~~~~~~~~~~~^
        [self],
        ^^^^^^^
    ...<3 lines>...
        raw=raw,
        ^^^^^^^^
    )
    ^
  File "C:\code\iayos\apps\backend\venv\Lib\site-packages\django\db\models\manager.py", line 87, in manager_method
    return getattr(self.get_queryset(), name)(*args, **kwargs)
           ~~~~~~~~~~~~~~~~~~~~~~~~~~~~~~~~~~^^^^^^^^^^^^^^^^^
  File "C:\code\iayos\apps\backend\venv\Lib\site-packages\django\db\models\query.py", line 1873, in _insert
    return query.get_compiler(using=using).execute_sql(returning_fields)
           ~~~~~~~~~~~~~~~~~~~~~~~~~~~~~~~~~~~~~~~~~~~^^^^^^^^^^^^^^^^^^
  File "C:\code\iayos\apps\backend\venv\Lib\site-packages\django\db\models\sql\compiler.py", line 1882, in execute_sql
    cursor.execute(sql, params)
    ~~~~~~~~~~~~~~^^^^^^^^^^^^^
  File "C:\code\iayos\apps\backend\venv\Lib\site-packages\django\db\backends\utils.py", line 79, in execute
    return self._execute_with_wrappers(
           ~~~~~~~~~~~~~~~~~~~~~~~~~~~^
        sql, params, many=False, executor=self._execute
        ^^^^^^^^^^^^^^^^^^^^^^^^^^^^^^^^^^^^^^^^^^^^^^^
    )
    ^
  File "C:\code\iayos\apps\backend\venv\Lib\site-packages\django\db\backends\utils.py", line 92, in 
_execute_with_wrappers
    return executor(sql, params, many, context)
  File "C:\code\iayos\apps\backend\venv\Lib\site-packages\django\db\backends\utils.py", line 100, in _execute
    with self.db.wrap_database_errors:
         ^^^^^^^^^^^^^^^^^^^^^^^^^^^^
  File "C:\code\iayos\apps\backend\venv\Lib\site-packages\django\db\utils.py", line 91, in __exit__
    raise dj_exc_value.with_traceback(traceback) from exc_value
  File "C:\code\iayos\apps\backend\venv\Lib\site-packages\django\db\backends\utils.py", line 105, in _execute
    return self.cursor.execute(sql, params)
           ~~~~~~~~~~~~~~~~~~~^^^^^^^^^^^^^
django.db.utils.IntegrityError: null value in column "birthDate" of relation "accounts_profile" violates not-null 
constraint
DETAIL:  Failing row contains (259, null, Test, Worker, , null, WORKER, 259, null, null, f, null, null).


======================================================================
ERROR: test_update_portfolio_caption 
(accounts.tests.test_worker_api.WorkerAPIIntegrationTestCase.test_update_portfolio_caption)
Test updating portfolio caption
----------------------------------------------------------------------
Traceback (most recent call last):
  File "C:\code\iayos\apps\backend\venv\Lib\site-packages\django\db\backends\utils.py", line 105, in _execute
    return self.cursor.execute(sql, params)
           ~~~~~~~~~~~~~~~~~~~^^^^^^^^^^^^^
psycopg2.errors.NotNullViolation: null value in column "birthDate" of relation "accounts_profile" violates not-null 
constraint
DETAIL:  Failing row contains (260, null, Test, Worker, , null, WORKER, 260, null, null, f, null, null).


The above exception was the direct cause of the following exception:

Traceback (most recent call last):
  File "C:\code\iayos\apps\backend\src\accounts\tests\test_worker_api.py", line 26, in setUp
    self.worker_profile = Profile.objects.create(
                          ~~~~~~~~~~~~~~~~~~~~~~^
        accountFK=self.worker_user,
        ^^^^^^^^^^^^^^^^^^^^^^^^^^^
    ...<2 lines>...
        profileType="WORKER"
        ^^^^^^^^^^^^^^^^^^^^
    )
    ^
  File "C:\code\iayos\apps\backend\venv\Lib\site-packages\django\db\models\manager.py", line 87, in manager_method
    return getattr(self.get_queryset(), name)(*args, **kwargs)
           ~~~~~~~~~~~~~~~~~~~~~~~~~~~~~~~~~~^^^^^^^^^^^^^^^^^
  File "C:\code\iayos\apps\backend\venv\Lib\site-packages\django\db\models\query.py", line 665, in create
    obj.save(force_insert=True, using=self.db)
    ~~~~~~~~^^^^^^^^^^^^^^^^^^^^^^^^^^^^^^^^^^
  File "C:\code\iayos\apps\backend\venv\Lib\site-packages\django\db\models\base.py", line 902, in save
    self.save_base(
    ~~~~~~~~~~~~~~^
        using=using,
        ^^^^^^^^^^^^
    ...<2 lines>...
        update_fields=update_fields,
        ^^^^^^^^^^^^^^^^^^^^^^^^^^^^
    )
    ^
  File "C:\code\iayos\apps\backend\venv\Lib\site-packages\django\db\models\base.py", line 1008, in save_base
    updated = self._save_table(
        raw,
    ...<4 lines>...
        update_fields,
    )
  File "C:\code\iayos\apps\backend\venv\Lib\site-packages\django\db\models\base.py", line 1169, in _save_table
    results = self._do_insert(
        cls._base_manager, using, fields, returning_fields, raw
    )
  File "C:\code\iayos\apps\backend\venv\Lib\site-packages\django\db\models\base.py", line 1210, in _do_insert
    return manager._insert(
           ~~~~~~~~~~~~~~~^
        [self],
        ^^^^^^^
    ...<3 lines>...
        raw=raw,
        ^^^^^^^^
    )
    ^
  File "C:\code\iayos\apps\backend\venv\Lib\site-packages\django\db\models\manager.py", line 87, in manager_method
    return getattr(self.get_queryset(), name)(*args, **kwargs)
           ~~~~~~~~~~~~~~~~~~~~~~~~~~~~~~~~~~^^^^^^^^^^^^^^^^^
  File "C:\code\iayos\apps\backend\venv\Lib\site-packages\django\db\models\query.py", line 1873, in _insert
    return query.get_compiler(using=using).execute_sql(returning_fields)
           ~~~~~~~~~~~~~~~~~~~~~~~~~~~~~~~~~~~~~~~~~~~^^^^^^^^^^^^^^^^^^
  File "C:\code\iayos\apps\backend\venv\Lib\site-packages\django\db\models\sql\compiler.py", line 1882, in execute_sql
    cursor.execute(sql, params)
    ~~~~~~~~~~~~~~^^^^^^^^^^^^^
  File "C:\code\iayos\apps\backend\venv\Lib\site-packages\django\db\backends\utils.py", line 79, in execute
    return self._execute_with_wrappers(
           ~~~~~~~~~~~~~~~~~~~~~~~~~~~^
        sql, params, many=False, executor=self._execute
        ^^^^^^^^^^^^^^^^^^^^^^^^^^^^^^^^^^^^^^^^^^^^^^^
    )
    ^
  File "C:\code\iayos\apps\backend\venv\Lib\site-packages\django\db\backends\utils.py", line 92, in 
_execute_with_wrappers
    return executor(sql, params, many, context)
  File "C:\code\iayos\apps\backend\venv\Lib\site-packages\django\db\backends\utils.py", line 100, in _execute
    with self.db.wrap_database_errors:
         ^^^^^^^^^^^^^^^^^^^^^^^^^^^^
  File "C:\code\iayos\apps\backend\venv\Lib\site-packages\django\db\utils.py", line 91, in __exit__
    raise dj_exc_value.with_traceback(traceback) from exc_value
  File "C:\code\iayos\apps\backend\venv\Lib\site-packages\django\db\backends\utils.py", line 105, in _execute
    return self.cursor.execute(sql, params)
           ~~~~~~~~~~~~~~~~~~~^^^^^^^^^^^^^
django.db.utils.IntegrityError: null value in column "birthDate" of relation "accounts_profile" violates not-null 
constraint
DETAIL:  Failing row contains (260, null, Test, Worker, , null, WORKER, 260, null, null, f, null, null).


======================================================================
ERROR: test_update_worker_profile_authenticated 
(accounts.tests.test_worker_api.WorkerAPIIntegrationTestCase.test_update_worker_profile_authenticated)
Test updating worker profile when authenticated
----------------------------------------------------------------------
Traceback (most recent call last):
  File "C:\code\iayos\apps\backend\venv\Lib\site-packages\django\db\backends\utils.py", line 105, in _execute
    return self.cursor.execute(sql, params)
           ~~~~~~~~~~~~~~~~~~~^^^^^^^^^^^^^
psycopg2.errors.NotNullViolation: null value in column "birthDate" of relation "accounts_profile" violates not-null 
constraint
DETAIL:  Failing row contains (261, null, Test, Worker, , null, WORKER, 261, null, null, f, null, null).


The above exception was the direct cause of the following exception:

Traceback (most recent call last):
  File "C:\code\iayos\apps\backend\src\accounts\tests\test_worker_api.py", line 26, in setUp
    self.worker_profile = Profile.objects.create(
                          ~~~~~~~~~~~~~~~~~~~~~~^
        accountFK=self.worker_user,
        ^^^^^^^^^^^^^^^^^^^^^^^^^^^
    ...<2 lines>...
        profileType="WORKER"
        ^^^^^^^^^^^^^^^^^^^^
    )
    ^
  File "C:\code\iayos\apps\backend\venv\Lib\site-packages\django\db\models\manager.py", line 87, in manager_method
    return getattr(self.get_queryset(), name)(*args, **kwargs)
           ~~~~~~~~~~~~~~~~~~~~~~~~~~~~~~~~~~^^^^^^^^^^^^^^^^^
  File "C:\code\iayos\apps\backend\venv\Lib\site-packages\django\db\models\query.py", line 665, in create
    obj.save(force_insert=True, using=self.db)
    ~~~~~~~~^^^^^^^^^^^^^^^^^^^^^^^^^^^^^^^^^^
  File "C:\code\iayos\apps\backend\venv\Lib\site-packages\django\db\models\base.py", line 902, in save
    self.save_base(
    ~~~~~~~~~~~~~~^
        using=using,
        ^^^^^^^^^^^^
    ...<2 lines>...
        update_fields=update_fields,
        ^^^^^^^^^^^^^^^^^^^^^^^^^^^^
    )
    ^
  File "C:\code\iayos\apps\backend\venv\Lib\site-packages\django\db\models\base.py", line 1008, in save_base
    updated = self._save_table(
        raw,
    ...<4 lines>...
        update_fields,
    )
  File "C:\code\iayos\apps\backend\venv\Lib\site-packages\django\db\models\base.py", line 1169, in _save_table
    results = self._do_insert(
        cls._base_manager, using, fields, returning_fields, raw
    )
  File "C:\code\iayos\apps\backend\venv\Lib\site-packages\django\db\models\base.py", line 1210, in _do_insert
    return manager._insert(
           ~~~~~~~~~~~~~~~^
        [self],
        ^^^^^^^
    ...<3 lines>...
        raw=raw,
        ^^^^^^^^
    )
    ^
  File "C:\code\iayos\apps\backend\venv\Lib\site-packages\django\db\models\manager.py", line 87, in manager_method
    return getattr(self.get_queryset(), name)(*args, **kwargs)
           ~~~~~~~~~~~~~~~~~~~~~~~~~~~~~~~~~~^^^^^^^^^^^^^^^^^
  File "C:\code\iayos\apps\backend\venv\Lib\site-packages\django\db\models\query.py", line 1873, in _insert
    return query.get_compiler(using=using).execute_sql(returning_fields)
           ~~~~~~~~~~~~~~~~~~~~~~~~~~~~~~~~~~~~~~~~~~~^^^^^^^^^^^^^^^^^^
  File "C:\code\iayos\apps\backend\venv\Lib\site-packages\django\db\models\sql\compiler.py", line 1882, in execute_sql
    cursor.execute(sql, params)
    ~~~~~~~~~~~~~~^^^^^^^^^^^^^
  File "C:\code\iayos\apps\backend\venv\Lib\site-packages\django\db\backends\utils.py", line 79, in execute
    return self._execute_with_wrappers(
           ~~~~~~~~~~~~~~~~~~~~~~~~~~~^
        sql, params, many=False, executor=self._execute
        ^^^^^^^^^^^^^^^^^^^^^^^^^^^^^^^^^^^^^^^^^^^^^^^
    )
    ^
  File "C:\code\iayos\apps\backend\venv\Lib\site-packages\django\db\backends\utils.py", line 92, in 
_execute_with_wrappers
    return executor(sql, params, many, context)
  File "C:\code\iayos\apps\backend\venv\Lib\site-packages\django\db\backends\utils.py", line 100, in _execute
    with self.db.wrap_database_errors:
         ^^^^^^^^^^^^^^^^^^^^^^^^^^^^
  File "C:\code\iayos\apps\backend\venv\Lib\site-packages\django\db\utils.py", line 91, in __exit__
    raise dj_exc_value.with_traceback(traceback) from exc_value
  File "C:\code\iayos\apps\backend\venv\Lib\site-packages\django\db\backends\utils.py", line 105, in _execute
    return self.cursor.execute(sql, params)
           ~~~~~~~~~~~~~~~~~~~^^^^^^^^^^^^^
django.db.utils.IntegrityError: null value in column "birthDate" of relation "accounts_profile" violates not-null 
constraint
DETAIL:  Failing row contains (261, null, Test, Worker, , null, WORKER, 261, null, null, f, null, null).


======================================================================
ERROR: test_update_worker_profile_unauthorized 
(accounts.tests.test_worker_api.WorkerAPIIntegrationTestCase.test_update_worker_profile_unauthorized)
Test updating worker profile without authentication
----------------------------------------------------------------------
Traceback (most recent call last):
  File "C:\code\iayos\apps\backend\venv\Lib\site-packages\django\db\backends\utils.py", line 105, in _execute
    return self.cursor.execute(sql, params)
           ~~~~~~~~~~~~~~~~~~~^^^^^^^^^^^^^
psycopg2.errors.NotNullViolation: null value in column "birthDate" of relation "accounts_profile" violates not-null 
constraint
DETAIL:  Failing row contains (262, null, Test, Worker, , null, WORKER, 262, null, null, f, null, null).


The above exception was the direct cause of the following exception:

Traceback (most recent call last):
  File "C:\code\iayos\apps\backend\src\accounts\tests\test_worker_api.py", line 26, in setUp
    self.worker_profile = Profile.objects.create(
                          ~~~~~~~~~~~~~~~~~~~~~~^
        accountFK=self.worker_user,
        ^^^^^^^^^^^^^^^^^^^^^^^^^^^
    ...<2 lines>...
        profileType="WORKER"
        ^^^^^^^^^^^^^^^^^^^^
    )
    ^
  File "C:\code\iayos\apps\backend\venv\Lib\site-packages\django\db\models\manager.py", line 87, in manager_method
    return getattr(self.get_queryset(), name)(*args, **kwargs)
           ~~~~~~~~~~~~~~~~~~~~~~~~~~~~~~~~~~^^^^^^^^^^^^^^^^^
  File "C:\code\iayos\apps\backend\venv\Lib\site-packages\django\db\models\query.py", line 665, in create
    obj.save(force_insert=True, using=self.db)
    ~~~~~~~~^^^^^^^^^^^^^^^^^^^^^^^^^^^^^^^^^^
  File "C:\code\iayos\apps\backend\venv\Lib\site-packages\django\db\models\base.py", line 902, in save
    self.save_base(
    ~~~~~~~~~~~~~~^
        using=using,
        ^^^^^^^^^^^^
    ...<2 lines>...
        update_fields=update_fields,
        ^^^^^^^^^^^^^^^^^^^^^^^^^^^^
    )
    ^
  File "C:\code\iayos\apps\backend\venv\Lib\site-packages\django\db\models\base.py", line 1008, in save_base
    updated = self._save_table(
        raw,
    ...<4 lines>...
        update_fields,
    )
  File "C:\code\iayos\apps\backend\venv\Lib\site-packages\django\db\models\base.py", line 1169, in _save_table
    results = self._do_insert(
        cls._base_manager, using, fields, returning_fields, raw
    )
  File "C:\code\iayos\apps\backend\venv\Lib\site-packages\django\db\models\base.py", line 1210, in _do_insert
    return manager._insert(
           ~~~~~~~~~~~~~~~^
        [self],
        ^^^^^^^
    ...<3 lines>...
        raw=raw,
        ^^^^^^^^
    )
    ^
  File "C:\code\iayos\apps\backend\venv\Lib\site-packages\django\db\models\manager.py", line 87, in manager_method
    return getattr(self.get_queryset(), name)(*args, **kwargs)
           ~~~~~~~~~~~~~~~~~~~~~~~~~~~~~~~~~~^^^^^^^^^^^^^^^^^
  File "C:\code\iayos\apps\backend\venv\Lib\site-packages\django\db\models\query.py", line 1873, in _insert
    return query.get_compiler(using=using).execute_sql(returning_fields)
           ~~~~~~~~~~~~~~~~~~~~~~~~~~~~~~~~~~~~~~~~~~~^^^^^^^^^^^^^^^^^^
  File "C:\code\iayos\apps\backend\venv\Lib\site-packages\django\db\models\sql\compiler.py", line 1882, in execute_sql
    cursor.execute(sql, params)
    ~~~~~~~~~~~~~~^^^^^^^^^^^^^
  File "C:\code\iayos\apps\backend\venv\Lib\site-packages\django\db\backends\utils.py", line 79, in execute
    return self._execute_with_wrappers(
           ~~~~~~~~~~~~~~~~~~~~~~~~~~~^
        sql, params, many=False, executor=self._execute
        ^^^^^^^^^^^^^^^^^^^^^^^^^^^^^^^^^^^^^^^^^^^^^^^
    )
    ^
  File "C:\code\iayos\apps\backend\venv\Lib\site-packages\django\db\backends\utils.py", line 92, in 
_execute_with_wrappers
    return executor(sql, params, many, context)
  File "C:\code\iayos\apps\backend\venv\Lib\site-packages\django\db\backends\utils.py", line 100, in _execute
    with self.db.wrap_database_errors:
         ^^^^^^^^^^^^^^^^^^^^^^^^^^^^
  File "C:\code\iayos\apps\backend\venv\Lib\site-packages\django\db\utils.py", line 91, in __exit__
    raise dj_exc_value.with_traceback(traceback) from exc_value
  File "C:\code\iayos\apps\backend\venv\Lib\site-packages\django\db\backends\utils.py", line 105, in _execute
    return self.cursor.execute(sql, params)
           ~~~~~~~~~~~~~~~~~~~^^^^^^^^^^^^^
django.db.utils.IntegrityError: null value in column "birthDate" of relation "accounts_profile" violates not-null 
constraint
DETAIL:  Failing row contains (262, null, Test, Worker, , null, WORKER, 262, null, null, f, null, null).


======================================================================
ERROR: test_update_worker_profile_wrong_profile_type 
(accounts.tests.test_worker_api.WorkerAPIIntegrationTestCase.test_update_worker_profile_wrong_profile_type)
Test that CLIENT profile type cannot update worker profile
----------------------------------------------------------------------
Traceback (most recent call last):
  File "C:\code\iayos\apps\backend\venv\Lib\site-packages\django\db\backends\utils.py", line 105, in _execute
    return self.cursor.execute(sql, params)
           ~~~~~~~~~~~~~~~~~~~^^^^^^^^^^^^^
psycopg2.errors.NotNullViolation: null value in column "birthDate" of relation "accounts_profile" violates not-null 
constraint
DETAIL:  Failing row contains (263, null, Test, Worker, , null, WORKER, 263, null, null, f, null, null).


The above exception was the direct cause of the following exception:

Traceback (most recent call last):
  File "C:\code\iayos\apps\backend\src\accounts\tests\test_worker_api.py", line 26, in setUp
    self.worker_profile = Profile.objects.create(
                          ~~~~~~~~~~~~~~~~~~~~~~^
        accountFK=self.worker_user,
        ^^^^^^^^^^^^^^^^^^^^^^^^^^^
    ...<2 lines>...
        profileType="WORKER"
        ^^^^^^^^^^^^^^^^^^^^
    )
    ^
  File "C:\code\iayos\apps\backend\venv\Lib\site-packages\django\db\models\manager.py", line 87, in manager_method
    return getattr(self.get_queryset(), name)(*args, **kwargs)
           ~~~~~~~~~~~~~~~~~~~~~~~~~~~~~~~~~~^^^^^^^^^^^^^^^^^
  File "C:\code\iayos\apps\backend\venv\Lib\site-packages\django\db\models\query.py", line 665, in create
    obj.save(force_insert=True, using=self.db)
    ~~~~~~~~^^^^^^^^^^^^^^^^^^^^^^^^^^^^^^^^^^
  File "C:\code\iayos\apps\backend\venv\Lib\site-packages\django\db\models\base.py", line 902, in save
    self.save_base(
    ~~~~~~~~~~~~~~^
        using=using,
        ^^^^^^^^^^^^
    ...<2 lines>...
        update_fields=update_fields,
        ^^^^^^^^^^^^^^^^^^^^^^^^^^^^
    )
    ^
  File "C:\code\iayos\apps\backend\venv\Lib\site-packages\django\db\models\base.py", line 1008, in save_base
    updated = self._save_table(
        raw,
    ...<4 lines>...
        update_fields,
    )
  File "C:\code\iayos\apps\backend\venv\Lib\site-packages\django\db\models\base.py", line 1169, in _save_table
    results = self._do_insert(
        cls._base_manager, using, fields, returning_fields, raw
    )
  File "C:\code\iayos\apps\backend\venv\Lib\site-packages\django\db\models\base.py", line 1210, in _do_insert
    return manager._insert(
           ~~~~~~~~~~~~~~~^
        [self],
        ^^^^^^^
    ...<3 lines>...
        raw=raw,
        ^^^^^^^^
    )
    ^
  File "C:\code\iayos\apps\backend\venv\Lib\site-packages\django\db\models\manager.py", line 87, in manager_method
    return getattr(self.get_queryset(), name)(*args, **kwargs)
           ~~~~~~~~~~~~~~~~~~~~~~~~~~~~~~~~~~^^^^^^^^^^^^^^^^^
  File "C:\code\iayos\apps\backend\venv\Lib\site-packages\django\db\models\query.py", line 1873, in _insert
    return query.get_compiler(using=using).execute_sql(returning_fields)
           ~~~~~~~~~~~~~~~~~~~~~~~~~~~~~~~~~~~~~~~~~~~^^^^^^^^^^^^^^^^^^
  File "C:\code\iayos\apps\backend\venv\Lib\site-packages\django\db\models\sql\compiler.py", line 1882, in execute_sql
    cursor.execute(sql, params)
    ~~~~~~~~~~~~~~^^^^^^^^^^^^^
  File "C:\code\iayos\apps\backend\venv\Lib\site-packages\django\db\backends\utils.py", line 79, in execute
    return self._execute_with_wrappers(
           ~~~~~~~~~~~~~~~~~~~~~~~~~~~^
        sql, params, many=False, executor=self._execute
        ^^^^^^^^^^^^^^^^^^^^^^^^^^^^^^^^^^^^^^^^^^^^^^^
    )
    ^
  File "C:\code\iayos\apps\backend\venv\Lib\site-packages\django\db\backends\utils.py", line 92, in 
_execute_with_wrappers
    return executor(sql, params, many, context)
  File "C:\code\iayos\apps\backend\venv\Lib\site-packages\django\db\backends\utils.py", line 100, in _execute
    with self.db.wrap_database_errors:
         ^^^^^^^^^^^^^^^^^^^^^^^^^^^^
  File "C:\code\iayos\apps\backend\venv\Lib\site-packages\django\db\utils.py", line 91, in __exit__
    raise dj_exc_value.with_traceback(traceback) from exc_value
  File "C:\code\iayos\apps\backend\venv\Lib\site-packages\django\db\backends\utils.py", line 105, in _execute
    return self.cursor.execute(sql, params)
           ~~~~~~~~~~~~~~~~~~~^^^^^^^^^^^^^
django.db.utils.IntegrityError: null value in column "birthDate" of relation "accounts_profile" violates not-null 
constraint
DETAIL:  Failing row contains (263, null, Test, Worker, , null, WORKER, 263, null, null, f, null, null).


======================================================================
ERROR: test_upload_portfolio_success 
(accounts.tests.test_worker_api.WorkerAPIIntegrationTestCase.test_upload_portfolio_success)
Test uploading portfolio image
----------------------------------------------------------------------
Traceback (most recent call last):
  File "C:\code\iayos\apps\backend\venv\Lib\site-packages\django\db\backends\utils.py", line 105, in _execute
    return self.cursor.execute(sql, params)
           ~~~~~~~~~~~~~~~~~~~^^^^^^^^^^^^^
psycopg2.errors.NotNullViolation: null value in column "birthDate" of relation "accounts_profile" violates not-null 
constraint
DETAIL:  Failing row contains (264, null, Test, Worker, , null, WORKER, 264, null, null, f, null, null).


The above exception was the direct cause of the following exception:

Traceback (most recent call last):
  File "C:\code\iayos\apps\backend\src\accounts\tests\test_worker_api.py", line 26, in setUp
    self.worker_profile = Profile.objects.create(
                          ~~~~~~~~~~~~~~~~~~~~~~^
        accountFK=self.worker_user,
        ^^^^^^^^^^^^^^^^^^^^^^^^^^^
    ...<2 lines>...
        profileType="WORKER"
        ^^^^^^^^^^^^^^^^^^^^
    )
    ^
  File "C:\code\iayos\apps\backend\venv\Lib\site-packages\django\db\models\manager.py", line 87, in manager_method
    return getattr(self.get_queryset(), name)(*args, **kwargs)
           ~~~~~~~~~~~~~~~~~~~~~~~~~~~~~~~~~~^^^^^^^^^^^^^^^^^
  File "C:\code\iayos\apps\backend\venv\Lib\site-packages\django\db\models\query.py", line 665, in create
    obj.save(force_insert=True, using=self.db)
    ~~~~~~~~^^^^^^^^^^^^^^^^^^^^^^^^^^^^^^^^^^
  File "C:\code\iayos\apps\backend\venv\Lib\site-packages\django\db\models\base.py", line 902, in save
    self.save_base(
    ~~~~~~~~~~~~~~^
        using=using,
        ^^^^^^^^^^^^
    ...<2 lines>...
        update_fields=update_fields,
        ^^^^^^^^^^^^^^^^^^^^^^^^^^^^
    )
    ^
  File "C:\code\iayos\apps\backend\venv\Lib\site-packages\django\db\models\base.py", line 1008, in save_base
    updated = self._save_table(
        raw,
    ...<4 lines>...
        update_fields,
    )
  File "C:\code\iayos\apps\backend\venv\Lib\site-packages\django\db\models\base.py", line 1169, in _save_table
    results = self._do_insert(
        cls._base_manager, using, fields, returning_fields, raw
    )
  File "C:\code\iayos\apps\backend\venv\Lib\site-packages\django\db\models\base.py", line 1210, in _do_insert
    return manager._insert(
           ~~~~~~~~~~~~~~~^
Γ£ô Supabase client initialized successfully with secret API key
Found 50 test(s).
System check identified no issues (0 silenced).
        [self],
        ^^^^^^^
    ...<3 lines>...
        raw=raw,
        ^^^^^^^^
    )
    ^
  File "C:\code\iayos\apps\backend\venv\Lib\site-packages\django\db\models\manager.py", line 87, in manager_method
    return getattr(self.get_queryset(), name)(*args, **kwargs)
           ~~~~~~~~~~~~~~~~~~~~~~~~~~~~~~~~~~^^^^^^^^^^^^^^^^^
  File "C:\code\iayos\apps\backend\venv\Lib\site-packages\django\db\models\query.py", line 1873, in _insert
    return query.get_compiler(using=using).execute_sql(returning_fields)
           ~~~~~~~~~~~~~~~~~~~~~~~~~~~~~~~~~~~~~~~~~~~^^^^^^^^^^^^^^^^^^
  File "C:\code\iayos\apps\backend\venv\Lib\site-packages\django\db\models\sql\compiler.py", line 1882, in execute_sql
    cursor.execute(sql, params)
    ~~~~~~~~~~~~~~^^^^^^^^^^^^^
  File "C:\code\iayos\apps\backend\venv\Lib\site-packages\django\db\backends\utils.py", line 79, in execute
    return self._execute_with_wrappers(
           ~~~~~~~~~~~~~~~~~~~~~~~~~~~^
        sql, params, many=False, executor=self._execute
        ^^^^^^^^^^^^^^^^^^^^^^^^^^^^^^^^^^^^^^^^^^^^^^^
    )
    ^
  File "C:\code\iayos\apps\backend\venv\Lib\site-packages\django\db\backends\utils.py", line 92, in 
_execute_with_wrappers
    return executor(sql, params, many, context)
  File "C:\code\iayos\apps\backend\venv\Lib\site-packages\django\db\backends\utils.py", line 100, in _execute
    with self.db.wrap_database_errors:
         ^^^^^^^^^^^^^^^^^^^^^^^^^^^^
  File "C:\code\iayos\apps\backend\venv\Lib\site-packages\django\db\utils.py", line 91, in __exit__
    raise dj_exc_value.with_traceback(traceback) from exc_value
  File "C:\code\iayos\apps\backend\venv\Lib\site-packages\django\db\backends\utils.py", line 105, in _execute
    return self.cursor.execute(sql, params)
           ~~~~~~~~~~~~~~~~~~~^^^^^^^^^^^^^
django.db.utils.IntegrityError: null value in column "birthDate" of relation "accounts_profile" violates not-null 
constraint
DETAIL:  Failing row contains (264, null, Test, Worker, , null, WORKER, 264, null, null, f, null, null).


======================================================================
ERROR: test_get_profile_completion_new_profile 
(accounts.tests.test_worker_profile_service.WorkerProfileServiceTestCase.test_get_profile_completion_new_profile)
Test completion percentage for new profile
----------------------------------------------------------------------
Traceback (most recent call last):
  File "C:\code\iayos\apps\backend\src\accounts\tests\test_worker_profile_service.py", line 78, in 
test_get_profile_completion_new_profile
    completion = get_worker_profile_completion(self.user)
  File "C:\code\iayos\apps\backend\src\accounts\worker_profile_service.py", line 103, in get_worker_profile_completion
    if not worker_profile.bio or len(worker_profile.bio.strip()) == 0:
           ^^^^^^^^^^^^^^^^^^
AttributeError: 'Accounts' object has no attribute 'bio'

======================================================================
ERROR: test_get_profile_completion_recommendations 
(accounts.tests.test_worker_profile_service.WorkerProfileServiceTestCase.test_get_profile_completion_recommendations)
Test that recommendations are generated correctly
----------------------------------------------------------------------
Traceback (most recent call last):
  File "C:\code\iayos\apps\backend\src\accounts\tests\test_worker_profile_service.py", line 148, in 
test_get_profile_completion_recommendations
    recommendations = get_profile_completion_recommendations(self.user)
  File "C:\code\iayos\apps\backend\src\accounts\worker_profile_service.py", line 174, in 
get_profile_completion_recommendations
    for field in missing_fields:
                 ^^^^^^^^^^^^^^
TypeError: 'Accounts' object is not iterable

======================================================================
FAIL: test_validate_profile_fields_bio_too_long 
(accounts.tests.test_worker_profile_service.WorkerProfileServiceTestCase.test_validate_profile_fields_bio_too_long)
Test validation with bio exceeding max length
----------------------------------------------------------------------
Traceback (most recent call last):
  File "C:\code\iayos\apps\backend\src\accounts\tests\test_worker_profile_service.py", line 113, in 
test_validate_profile_fields_bio_too_long
    with self.assertRaises(ValueError) as context:
         ~~~~~~~~~~~~~~~~~^^^^^^^^^^^^
AssertionError: ValueError not raised

======================================================================
FAIL: test_validate_profile_fields_description_too_long (accounts.tests.test_worker_profile_service.WorkerProfileServi
ceTestCase.test_validate_profile_fields_description_too_long)
Test validation with description exceeding max length
----------------------------------------------------------------------
Traceback (most recent call last):
  File "C:\code\iayos\apps\backend\src\accounts\tests\test_worker_profile_service.py", line 120, in 
test_validate_profile_fields_description_too_long
    with self.assertRaises(ValueError) as context:
         ~~~~~~~~~~~~~~~~~^^^^^^^^^^^^
AssertionError: ValueError not raised

======================================================================
FAIL: test_validate_profile_fields_negative_rate 
(accounts.tests.test_worker_profile_service.WorkerProfileServiceTestCase.test_validate_profile_fields_negative_rate)
Test validation with negative hourly rate
----------------------------------------------------------------------
Traceback (most recent call last):
  File "C:\code\iayos\apps\backend\src\accounts\tests\test_worker_profile_service.py", line 127, in 
test_validate_profile_fields_negative_rate
    with self.assertRaises(ValueError) as context:
         ~~~~~~~~~~~~~~~~~^^^^^^^^^^^^
AssertionError: ValueError not raised

----------------------------------------------------------------------
Ran 50 tests in 57.574s

FAILED (failures=3, errors=29)
Preserving test database for alias 'default'...

